<?xml version="1.0" encoding="utf-8"?>
<CoverageSession xmlns:xsd="http://www.w3.org/2001/XMLSchema" xmlns:xsi="http://www.w3.org/2001/XMLSchema-instance" Version="0.0.0.0">
  <Summary numSequencePoints="204" visitedSequencePoints="199" numBranchPoints="0" visitedBranchPoints="0" sequenceCoverage="97.55" branchCoverage="0.0" maxCyclomaticComplexity="0" minCyclomaticComplexity="0" maxCrapScore="0" minCrapScore="0" visitedClasses="6" numClasses="6" visitedMethods="31" numMethods="32" />
  <Modules>
    <Module>
      <Summary numSequencePoints="204" visitedSequencePoints="199" numBranchPoints="0" visitedBranchPoints="0" sequenceCoverage="97.55" branchCoverage="0.0" maxCyclomaticComplexity="0" minCyclomaticComplexity="0" maxCrapScore="0" minCrapScore="0" visitedClasses="6" numClasses="6" visitedMethods="31" numMethods="32" />
      <ModuleTime>0001-01-01T00:00:00</ModuleTime>
      <ModuleName>Project</ModuleName>
      <Files>
        <File uid="1" fullPath="/home/lukke/Documents/RUG/ResearchInternship/Projects/VVRT/UnityProject/Assets/_Project/Ray Caster/Scripts/UI/RayCalculationBreakdown.cs" />
        <File uid="2" fullPath="/home/lukke/Documents/RUG/ResearchInternship/Projects/VVRT/UnityProject/Assets/_Project/Ray Caster/Scripts/UI/RayCasterProperties.cs" />
        <File uid="3" fullPath="/home/lukke/Documents/RUG/ResearchInternship/Projects/VVRT/UnityProject/Assets/_Project/Ray Caster/Scripts/Utility/DepthTexMaker.cs" />
        <File uid="4" fullPath="/home/lukke/Documents/RUG/ResearchInternship/Projects/VVRT/UnityProject/Assets/_Project/Ray Caster/Scripts/Utility/Linear Interpolation.cs" />
        <File uid="5" fullPath="/home/lukke/Documents/RUG/ResearchInternship/Projects/VVRT/UnityProject/Assets/_Project/Ray Tracer/Scripts/Utility/Spin.cs" />
        <File uid="6" fullPath="/home/lukke/Documents/RUG/ResearchInternship/Projects/VVRT/UnityProject/Assets/_Project/UI/Scripts/BadgeNotification.cs" />
        <File uid="7" fullPath="/home/lukke/Documents/RUG/ResearchInternship/Projects/VVRT/UnityProject/Assets/_Project/UI/Scripts/Main Menu/Badges/Badge.cs" />
        <File uid="8" fullPath="/home/lukke/Documents/RUG/ResearchInternship/Projects/VVRT/UnityProject/Assets/_Project/UI/Scripts/Main Menu/Badges/BadgeShowcase.cs" />
        <File uid="9" fullPath="/home/lukke/Documents/RUG/ResearchInternship/Projects/VVRT/UnityProject/Assets/_Project/UI/Scripts/Main Menu/Badges/BadgesPanel.cs" />
        <File uid="10" fullPath="/home/lukke/Documents/RUG/ResearchInternship/Projects/VVRT/UnityProject/Assets/_Project/UI/Scripts/SceneLoader.cs" />
        <File uid="11" fullPath="/home/lukke/Documents/RUG/ResearchInternship/Projects/VVRT/UnityProject/Assets/_Project/UI/Scripts/FPSCounter.cs" />
        <File uid="12" fullPath="/home/lukke/Documents/RUG/ResearchInternship/Projects/VVRT/UnityProject/Assets/_Project/UI/Scripts/IntroductionPanel.cs" />
        <File uid="13" fullPath="/home/lukke/Documents/RUG/ResearchInternship/Projects/VVRT/UnityProject/Assets/_Project/UI/Scripts/RenderPreview.cs" />
        <File uid="14" fullPath="/home/lukke/Documents/RUG/ResearchInternship/Projects/VVRT/UnityProject/Assets/_Project/UI/Scripts/UIManager.cs" />
        <File uid="15" fullPath="/home/lukke/Documents/RUG/ResearchInternship/Projects/VVRT/UnityProject/Assets/_Project/UI/Scripts/Tutorial/TutorialManager.cs" />
        <File uid="16" fullPath="/home/lukke/Documents/RUG/ResearchInternship/Projects/VVRT/UnityProject/Assets/_Project/UI/Scripts/Tutorial/TutorialTasks.cs" />
        <File uid="17" fullPath="/home/lukke/Documents/RUG/ResearchInternship/Projects/VVRT/UnityProject/Assets/_Project/UI/Scripts/Tooltips/Tooltip.cs" />
        <File uid="18" fullPath="/home/lukke/Documents/RUG/ResearchInternship/Projects/VVRT/UnityProject/Assets/_Project/UI/Scripts/Tooltips/TooltipManager.cs" />
        <File uid="19" fullPath="/home/lukke/Documents/RUG/ResearchInternship/Projects/VVRT/UnityProject/Assets/_Project/UI/Scripts/Tooltips/TooltipTrigger.cs" />
        <File uid="20" fullPath="/home/lukke/Documents/RUG/ResearchInternship/Projects/VVRT/UnityProject/Assets/_Project/UI/Scripts/Tooltips/Version.cs" />
        <File uid="21" fullPath="/home/lukke/Documents/RUG/ResearchInternship/Projects/VVRT/UnityProject/Assets/_Project/UI/Scripts/Toolbar/CreateObjectDropdown.cs" />
        <File uid="22" fullPath="/home/lukke/Documents/RUG/ResearchInternship/Projects/VVRT/UnityProject/Assets/_Project/UI/Scripts/Toolbar/HelpPanel.cs" />
        <File uid="23" fullPath="/home/lukke/Documents/RUG/ResearchInternship/Projects/VVRT/UnityProject/Assets/_Project/UI/Scripts/Toolbar/InfoDropdown.cs" />
        <File uid="24" fullPath="/home/lukke/Documents/RUG/ResearchInternship/Projects/VVRT/UnityProject/Assets/_Project/UI/Scripts/Render Image Window/RenderedImageWindow.cs" />
        <File uid="25" fullPath="/home/lukke/Documents/RUG/ResearchInternship/Projects/VVRT/UnityProject/Assets/_Project/UI/Scripts/Render Image Window/UIZoomImage.cs" />
        <File uid="26" fullPath="/home/lukke/Documents/RUG/ResearchInternship/Projects/VVRT/UnityProject/Assets/_Project/UI/Scripts/Main Menu/LevelsPanel.cs" />
        <File uid="27" fullPath="/home/lukke/Documents/RUG/ResearchInternship/Projects/VVRT/UnityProject/Assets/_Project/UI/Scripts/Main Menu/MainMenu.cs" />
        <File uid="28" fullPath="/home/lukke/Documents/RUG/ResearchInternship/Projects/VVRT/UnityProject/Assets/_Project/UI/Scripts/Main Menu/SettingsPanel.cs" />
        <File uid="29" fullPath="/home/lukke/Documents/RUG/ResearchInternship/Projects/VVRT/UnityProject/Assets/_Project/UI/Scripts/Control Panel/BoolEdit.cs" />
        <File uid="30" fullPath="/home/lukke/Documents/RUG/ResearchInternship/Projects/VVRT/UnityProject/Assets/_Project/UI/Scripts/Control Panel/CameraProperties.cs" />
        <File uid="31" fullPath="/home/lukke/Documents/RUG/ResearchInternship/Projects/VVRT/UnityProject/Assets/_Project/UI/Scripts/Control Panel/ColorEdit.cs" />
        <File uid="32" fullPath="/home/lukke/Documents/RUG/ResearchInternship/Projects/VVRT/UnityProject/Assets/_Project/UI/Scripts/Control Panel/ControlPanel.cs" />
        <File uid="33" fullPath="/home/lukke/Documents/RUG/ResearchInternship/Projects/VVRT/UnityProject/Assets/_Project/UI/Scripts/Control Panel/FloatEdit.cs" />
        <File uid="34" fullPath="/home/lukke/Documents/RUG/ResearchInternship/Projects/VVRT/UnityProject/Assets/_Project/UI/Scripts/Control Panel/FolderButton.cs" />
        <File uid="35" fullPath="/home/lukke/Documents/RUG/ResearchInternship/Projects/VVRT/UnityProject/Assets/_Project/UI/Scripts/Control Panel/LightProperties.cs" />
        <File uid="36" fullPath="/home/lukke/Documents/RUG/ResearchInternship/Projects/VVRT/UnityProject/Assets/_Project/UI/Scripts/Control Panel/MeshProperties.cs" />
        <File uid="37" fullPath="/home/lukke/Documents/RUG/ResearchInternship/Projects/VVRT/UnityProject/Assets/_Project/UI/Scripts/Control Panel/PowerEdit.cs" />
        <File uid="38" fullPath="/home/lukke/Documents/RUG/ResearchInternship/Projects/VVRT/UnityProject/Assets/_Project/UI/Scripts/Control Panel/RayTracerProperties.cs" />
        <File uid="39" fullPath="/home/lukke/Documents/RUG/ResearchInternship/Projects/VVRT/UnityProject/Assets/_Project/UI/Scripts/Control Panel/Vector3Edit.cs" />
        <File uid="40" fullPath="/home/lukke/Documents/RUG/ResearchInternship/Projects/VVRT/UnityProject/Assets/_Project/UI/Scripts/Animation Tools/MeshAnimationSettings.cs" />
        <File uid="41" fullPath="/home/lukke/Documents/RUG/ResearchInternship/Projects/VVRT/UnityProject/Assets/_Project/UI/Scripts/Animation Tools/StartSceneAnimation.cs" />
        <File uid="42" fullPath="/home/lukke/Documents/RUG/ResearchInternship/Projects/VVRT/UnityProject/Assets/_Project/Scripts/CameraController.cs" />
        <File uid="43" fullPath="/home/lukke/Documents/RUG/ResearchInternship/Projects/VVRT/UnityProject/Assets/_Project/Scripts/GlobalManager.cs" />
        <File uid="44" fullPath="/home/lukke/Documents/RUG/ResearchInternship/Projects/VVRT/UnityProject/Assets/_Project/Scripts/Initialize.cs" />
        <File uid="45" fullPath="/home/lukke/Documents/RUG/ResearchInternship/Projects/VVRT/UnityProject/Assets/_Project/Ray Tracer/Scripts/RTSceneManager.cs" />
        <File uid="46" fullPath="/home/lukke/Documents/RUG/ResearchInternship/Projects/VVRT/UnityProject/Assets/_Project/Ray Tracer/Scripts/RayManager.cs" />
        <File uid="47" fullPath="/home/lukke/Documents/RUG/ResearchInternship/Projects/VVRT/UnityProject/Assets/_Project/Ray Tracer/Scripts/UnityRayTracer.cs" />
        <File uid="48" fullPath="/home/lukke/Documents/RUG/ResearchInternship/Projects/VVRT/UnityProject/Assets/_Project/Ray Tracer/Scripts/UnityRayTracerAcceleration.cs" />
        <File uid="49" fullPath="/home/lukke/Documents/RUG/ResearchInternship/Projects/VVRT/UnityProject/Assets/_Project/Ray Tracer/Scripts/UnityRayTracerLights.cs" />
        <File uid="50" fullPath="/home/lukke/Documents/RUG/ResearchInternship/Projects/VVRT/UnityProject/Assets/_Project/Ray Tracer/Scripts/Utility/AABB.cs" />
        <File uid="51" fullPath="/home/lukke/Documents/RUG/ResearchInternship/Projects/VVRT/UnityProject/Assets/_Project/Ray Tracer/Scripts/Utility/GLtest.cs" />
        <File uid="52" fullPath="/home/lukke/Documents/RUG/ResearchInternship/Projects/VVRT/UnityProject/Assets/_Project/Ray Tracer/Scripts/Utility/Octree.cs" />
        <File uid="53" fullPath="/home/lukke/Documents/RUG/ResearchInternship/Projects/VVRT/UnityProject/Assets/_Project/Ray Tracer/Scripts/Utility/OctreeNode.cs" />
        <File uid="54" fullPath="/home/lukke/Documents/RUG/ResearchInternship/Projects/VVRT/UnityProject/Assets/_Project/Ray Tracer/Scripts/Utility/OctreeRoot.cs" />
        <File uid="55" fullPath="/home/lukke/Documents/RUG/ResearchInternship/Projects/VVRT/UnityProject/Assets/_Project/Ray Tracer/Scripts/Utility/RTImage.cs" />
        <File uid="56" fullPath="/home/lukke/Documents/RUG/ResearchInternship/Projects/VVRT/UnityProject/Assets/_Project/Ray Tracer/Scripts/Utility/TreeNode.cs" />
        <File uid="57" fullPath="/home/lukke/Documents/RUG/ResearchInternship/Projects/VVRT/UnityProject/Assets/_Project/Ray Tracer/Scripts/RT Scene/RTMesh.cs" />
        <File uid="58" fullPath="/home/lukke/Documents/RUG/ResearchInternship/Projects/VVRT/UnityProject/Assets/_Project/Ray Tracer/Scripts/RT Scene/RTScene.cs" />
        <File uid="59" fullPath="/home/lukke/Documents/RUG/ResearchInternship/Projects/VVRT/UnityProject/Assets/_Project/Ray Tracer/Scripts/RT Scene/RT Light/RTSpotLight.cs" />
        <File uid="60" fullPath="/home/lukke/Documents/RUG/ResearchInternship/Projects/VVRT/UnityProject/Assets/_Project/Ray Tracer/Scripts/RT Scene/RT Light/RTPointLight.cs" />
        <File uid="61" fullPath="/home/lukke/Documents/RUG/ResearchInternship/Projects/VVRT/UnityProject/Assets/_Project/Ray Tracer/Scripts/RT Scene/RT Light/RTLight.cs" />
        <File uid="62" fullPath="/home/lukke/Documents/RUG/ResearchInternship/Projects/VVRT/UnityProject/Assets/_Project/Ray Tracer/Scripts/RT Scene/RT Light/RTAreaLight.cs" />
        <File uid="63" fullPath="/home/lukke/Documents/RUG/ResearchInternship/Projects/VVRT/UnityProject/Assets/_Project/Ray Tracer/Scripts/RT Scene/RT Camera/CameraCollisionMesh.cs" />
        <File uid="64" fullPath="/home/lukke/Documents/RUG/ResearchInternship/Projects/VVRT/UnityProject/Assets/_Project/Ray Tracer/Scripts/RT Scene/RT Camera/RTCamera.cs" />
        <File uid="65" fullPath="/home/lukke/Documents/RUG/ResearchInternship/Projects/VVRT/UnityProject/Assets/_Project/Ray Tracer/Scripts/RT Scene/RT Camera/RTScreen.cs" />
        <File uid="66" fullPath="/home/lukke/Documents/RUG/ResearchInternship/Projects/VVRT/UnityProject/Assets/_Project/Ray Tracer/Scripts/RT Ray/RTRay.cs" />
        <File uid="67" fullPath="/home/lukke/Documents/RUG/ResearchInternship/Projects/VVRT/UnityProject/Assets/_Project/Ray Tracer/Scripts/RT Ray/RayObject.cs" />
        <File uid="68" fullPath="/home/lukke/Documents/RUG/ResearchInternship/Projects/VVRT/UnityProject/Assets/_Project/Ray Tracer/Scripts/RT Ray/RayObjectPool.cs" />
        <File uid="69" fullPath="/home/lukke/Documents/RUG/ResearchInternship/Projects/VVRT/UnityProject/Assets/_Project/Ray Tracer/Scripts/RT Ray/RayRenderer.cs" />
        <File uid="70" fullPath="/home/lukke/Documents/RUG/ResearchInternship/Projects/VVRT/UnityProject/Assets/_Project/Ray Caster/Scripts/RayCasterManager.cs" />
        <File uid="71" fullPath="/home/lukke/Documents/RUG/ResearchInternship/Projects/VVRT/UnityProject/Assets/_Project/Ray Caster/Scripts/UnityRayCaster.cs" />
        <File uid="72" fullPath="/home/lukke/Documents/RUG/ResearchInternship/Projects/VVRT/UnityProject/Assets/_Project/Ray Caster/Scripts/Voxel Grid/VoxelGrid.cs" />
        <File uid="73" fullPath="/home/lukke/Documents/RUG/ResearchInternship/Projects/VVRT/UnityProject/Assets/_Project/Ray Caster/Scripts/RC Ray/RCRay.cs" />
        <File uid="74" fullPath="/home/lukke/Documents/RUG/ResearchInternship/Projects/VVRT/UnityProject/Assets/_Project/Ray Caster/Scripts/RC Ray/Sample.cs" />
        <File uid="75" fullPath="/home/lukke/Documents/RUG/ResearchInternship/Projects/VVRT/UnityProject/Assets/_Project/Ray Caster/Scripts/RC Ray/SampleObject.cs" />
        <File uid="76" fullPath="/home/lukke/Documents/RUG/ResearchInternship/Projects/VVRT/UnityProject/Assets/_Project/Ray Caster/Scripts/RC Ray/SampleObjectPool.cs" />
        <File uid="77" fullPath="/home/lukke/Documents/RUG/ResearchInternship/Projects/VVRT/UnityProject/Assets/_Project/Ray Caster/Scripts/RC Ray/SampleRenderer.cs" />
      </Files>
      <Classes>
        <Class>
          <Summary numSequencePoints="42" visitedSequencePoints="42" numBranchPoints="0" visitedBranchPoints="0" sequenceCoverage="100.0" branchCoverage="0.0" maxCyclomaticComplexity="0" minCyclomaticComplexity="0" maxCrapScore="0" minCrapScore="0" visitedClasses="1" numClasses="1" visitedMethods="3" numMethods="3" />
          <FullName>LinearInterpolation</FullName>
          <Methods>
            <Method visited="true" cyclomaticComplexity="0" nPathComplexity="0" sequenceCoverage="100.0" branchCoverage="0" crapScore="0" isConstructor="false" isStatic="false" isGetter="false" isSetter="false">
              <Summary numSequencePoints="11" visitedSequencePoints="11" numBranchPoints="0" visitedBranchPoints="0" sequenceCoverage="100.0" branchCoverage="0" maxCyclomaticComplexity="0" minCyclomaticComplexity="0" maxCrapScore="0" minCrapScore="0" visitedClasses="0" numClasses="0" visitedMethods="1" numMethods="1" />
              <MetadataToken>100663345</MetadataToken>
              <Name>System.Int32 LinearInterpolation::findIndexBelowPoint(System.Single, _Project.Ray_Caster.Scripts.RC_Ray.RCRay/ColorTableEntry[])</Name>
              <FileRef uid="4" />
              <SequencePoints>
                <SequencePoint vc="2" uspid="7099" ordinal="0" offset="0" sl="13" sc="5" el="13" ec="5" bec="0" bev="0" fileid="4" />
                <SequencePoint vc="2" uspid="7100" ordinal="0" offset="1" sl="14" sc="14" el="14" ec="14" bec="0" bev="0" fileid="4" />
                <SequencePoint vc="2" uspid="7101" ordinal="0" offset="5" sl="15" sc="9" el="15" ec="9" bec="0" bev="0" fileid="4" />
                <SequencePoint vc="2" uspid="7102" ordinal="0" offset="6" sl="16" sc="13" el="16" ec="13" bec="0" bev="0" fileid="4" />
                <SequencePoint vc="1" uspid="7103" ordinal="0" offset="25" sl="17" sc="13" el="17" ec="13" bec="0" bev="0" fileid="4" />
                <SequencePoint vc="1" uspid="7104" ordinal="0" offset="26" sl="19" sc="17" el="19" ec="17" bec="0" bev="0" fileid="4" />
                <SequencePoint vc="1" uspid="7105" ordinal="0" offset="32" sl="21" sc="9" el="21" ec="9" bec="0" bev="0" fileid="4" />
                <SequencePoint vc="1" uspid="7106" ordinal="0" offset="33" sl="14" sc="42" el="14" ec="42" bec="0" bev="0" fileid="4" />
                <SequencePoint vc="3" uspid="7107" ordinal="0" offset="37" sl="14" sc="25" el="14" ec="25" bec="0" bev="0" fileid="4" />
                <SequencePoint vc="1" uspid="7108" ordinal="0" offset="47" sl="22" sc="9" el="22" ec="9" bec="0" bev="0" fileid="4" />
                <SequencePoint vc="2" uspid="7109" ordinal="0" offset="55" sl="23" sc="5" el="23" ec="5" bec="0" bev="0" fileid="4" />
              </SequencePoints>
              <BranchPoints />
            </Method>
            <Method visited="true" cyclomaticComplexity="0" nPathComplexity="0" sequenceCoverage="100.0" branchCoverage="0" crapScore="0" isConstructor="false" isStatic="false" isGetter="false" isSetter="false">
              <Summary numSequencePoints="10" visitedSequencePoints="10" numBranchPoints="0" visitedBranchPoints="0" sequenceCoverage="100.0" branchCoverage="0" maxCyclomaticComplexity="0" minCyclomaticComplexity="0" maxCrapScore="0" minCrapScore="0" visitedClasses="0" numClasses="0" visitedMethods="1" numMethods="1" />
              <MetadataToken>100663346</MetadataToken>
              <Name>UnityEngine.Color LinearInterpolation::MonoLinearInterpolation(System.Single, _Project.Ray_Caster.Scripts.RC_Ray.RCRay/ColorTableEntry[])</Name>
              <FileRef uid="4" />
              <SequencePoints>
                <SequencePoint vc="3" uspid="7110" ordinal="0" offset="0" sl="26" sc="5" el="26" ec="5" bec="0" bev="0" fileid="4" />
                <SequencePoint vc="3" uspid="7111" ordinal="0" offset="1" sl="27" sc="9" el="27" ec="9" bec="0" bev="0" fileid="4" />
                <SequencePoint vc="1" uspid="7112" ordinal="0" offset="25" sl="28" sc="9" el="28" ec="9" bec="0" bev="0" fileid="4" />
                <SequencePoint vc="1" uspid="7113" ordinal="0" offset="26" sl="29" sc="13" el="29" ec="13" bec="0" bev="0" fileid="4" />
                <SequencePoint vc="2" uspid="7114" ordinal="0" offset="42" sl="32" sc="9" el="32" ec="9" bec="0" bev="0" fileid="4" />
                <SequencePoint vc="2" uspid="7115" ordinal="0" offset="51" sl="34" sc="9" el="34" ec="9" bec="0" bev="0" fileid="4" />
                <SequencePoint vc="2" uspid="7116" ordinal="0" offset="79" sl="36" sc="9" el="36" ec="9" bec="0" bev="0" fileid="4" />
                <SequencePoint vc="2" uspid="7117" ordinal="0" offset="96" sl="37" sc="9" el="37" ec="9" bec="0" bev="0" fileid="4" />
                <SequencePoint vc="2" uspid="7118" ordinal="0" offset="115" sl="42" sc="9" el="42" ec="9" bec="0" bev="0" fileid="4" />
                <SequencePoint vc="3" uspid="7119" ordinal="0" offset="162" sl="43" sc="5" el="43" ec="5" bec="0" bev="0" fileid="4" />
              </SequencePoints>
              <BranchPoints />
            </Method>
            <Method visited="true" cyclomaticComplexity="0" nPathComplexity="0" sequenceCoverage="100.0" branchCoverage="0" crapScore="0" isConstructor="false" isStatic="false" isGetter="false" isSetter="false">
              <Summary numSequencePoints="21" visitedSequencePoints="21" numBranchPoints="0" visitedBranchPoints="0" sequenceCoverage="100.0" branchCoverage="0" maxCyclomaticComplexity="0" minCyclomaticComplexity="0" maxCrapScore="0" minCrapScore="0" visitedClasses="0" numClasses="0" visitedMethods="1" numMethods="1" />
              <MetadataToken>100663347</MetadataToken>
              <Name>System.Single LinearInterpolation::TriLinearInterpolation(UnityEngine.Vector3, _Project.Ray_Caster.Scripts.Voxel_Grid.VoxelGrid)</Name>
              <FileRef uid="4" />
              <SequencePoints>
                <SequencePoint vc="2" uspid="7120" ordinal="0" offset="0" sl="46" sc="5" el="46" ec="5" bec="0" bev="0" fileid="4" />
                <SequencePoint vc="2" uspid="7121" ordinal="0" offset="1" sl="47" sc="9" el="47" ec="9" bec="0" bev="0" fileid="4" />
                <SequencePoint vc="2" uspid="7122" ordinal="0" offset="8" sl="49" sc="9" el="49" ec="9" bec="0" bev="0" fileid="4" />
                <SequencePoint vc="2" uspid="7123" ordinal="0" offset="32" sl="50" sc="9" el="50" ec="9" bec="0" bev="0" fileid="4" />
                <SequencePoint vc="2" uspid="7124" ordinal="0" offset="56" sl="51" sc="9" el="51" ec="9" bec="0" bev="0" fileid="4" />
                <SequencePoint vc="2" uspid="7125" ordinal="0" offset="80" sl="53" sc="9" el="53" ec="9" bec="0" bev="0" fileid="4" />
                <SequencePoint vc="2" uspid="7126" ordinal="0" offset="103" sl="54" sc="9" el="54" ec="9" bec="0" bev="0" fileid="4" />
                <SequencePoint vc="2" uspid="7127" ordinal="0" offset="126" sl="55" sc="9" el="55" ec="9" bec="0" bev="0" fileid="4" />
                <SequencePoint vc="2" uspid="7128" ordinal="0" offset="149" sl="58" sc="9" el="58" ec="9" bec="0" bev="0" fileid="4" />
                <SequencePoint vc="2" uspid="7129" ordinal="0" offset="160" sl="59" sc="9" el="59" ec="9" bec="0" bev="0" fileid="4" />
                <SequencePoint vc="2" uspid="7130" ordinal="0" offset="171" sl="60" sc="9" el="60" ec="9" bec="0" bev="0" fileid="4" />
                <SequencePoint vc="2" uspid="7131" ordinal="0" offset="182" sl="62" sc="9" el="62" ec="9" bec="0" bev="0" fileid="4" />
                <SequencePoint vc="2" uspid="7132" ordinal="0" offset="191" sl="63" sc="9" el="63" ec="9" bec="0" bev="0" fileid="4" />
                <SequencePoint vc="2" uspid="7133" ordinal="0" offset="233" sl="64" sc="9" el="64" ec="9" bec="0" bev="0" fileid="4" />
                <SequencePoint vc="2" uspid="7134" ordinal="0" offset="279" sl="65" sc="9" el="65" ec="9" bec="0" bev="0" fileid="4" />
                <SequencePoint vc="2" uspid="7135" ordinal="0" offset="325" sl="66" sc="9" el="66" ec="9" bec="0" bev="0" fileid="4" />
                <SequencePoint vc="2" uspid="7136" ordinal="0" offset="375" sl="68" sc="9" el="68" ec="9" bec="0" bev="0" fileid="4" />
                <SequencePoint vc="2" uspid="7137" ordinal="0" offset="383" sl="69" sc="9" el="69" ec="9" bec="0" bev="0" fileid="4" />
                <SequencePoint vc="2" uspid="7138" ordinal="0" offset="418" sl="70" sc="9" el="70" ec="9" bec="0" bev="0" fileid="4" />
                <SequencePoint vc="2" uspid="7139" ordinal="0" offset="453" sl="72" sc="9" el="72" ec="9" bec="0" bev="0" fileid="4" />
                <SequencePoint vc="2" uspid="7140" ordinal="0" offset="478" sl="73" sc="5" el="73" ec="5" bec="0" bev="0" fileid="4" />
              </SequencePoints>
              <BranchPoints />
            </Method>
          </Methods>
        </Class>
        <Class>
          <Summary numSequencePoints="4" visitedSequencePoints="4" numBranchPoints="0" visitedBranchPoints="0" sequenceCoverage="100.0" branchCoverage="0.0" maxCyclomaticComplexity="0" minCyclomaticComplexity="0" maxCrapScore="0" minCrapScore="0" visitedClasses="1" numClasses="1" visitedMethods="2" numMethods="2" />
          <FullName>Spin</FullName>
          <Methods>
            <Method visited="true" cyclomaticComplexity="0" nPathComplexity="0" sequenceCoverage="100.0" branchCoverage="0" crapScore="0" isConstructor="false" isStatic="false" isGetter="false" isSetter="false">
              <Summary numSequencePoints="3" visitedSequencePoints="3" numBranchPoints="0" visitedBranchPoints="0" sequenceCoverage="100.0" branchCoverage="0" maxCyclomaticComplexity="0" minCyclomaticComplexity="0" maxCrapScore="0" minCrapScore="0" visitedClasses="0" numClasses="0" visitedMethods="1" numMethods="1" />
              <MetadataToken>100663351</MetadataToken>
              <Name>System.Void Spin::spinToggle()</Name>
              <FileRef uid="5" />
              <SequencePoints>
                <SequencePoint vc="2" uspid="7147" ordinal="0" offset="0" sl="22" sc="5" el="22" ec="5" bec="0" bev="0" fileid="5" />
                <SequencePoint vc="2" uspid="7148" ordinal="0" offset="1" sl="23" sc="9" el="23" ec="9" bec="0" bev="0" fileid="5" />
                <SequencePoint vc="2" uspid="7149" ordinal="0" offset="16" sl="24" sc="5" el="24" ec="5" bec="0" bev="0" fileid="5" />
              </SequencePoints>
              <BranchPoints />
            </Method>
            <Method visited="true" cyclomaticComplexity="0" nPathComplexity="0" sequenceCoverage="100.0" branchCoverage="0" crapScore="0" isConstructor="true" isStatic="false" isGetter="false" isSetter="false">
              <Summary numSequencePoints="1" visitedSequencePoints="1" numBranchPoints="0" visitedBranchPoints="0" sequenceCoverage="100.0" branchCoverage="0" maxCyclomaticComplexity="0" minCyclomaticComplexity="0" maxCrapScore="0" minCrapScore="0" visitedClasses="0" numClasses="0" visitedMethods="1" numMethods="1" />
              <MetadataToken>100663352</MetadataToken>
              <Name>Spin::Spin()</Name>
              <FileRef uid="5" />
              <SequencePoints>
                <SequencePoint vc="1" uspid="7150" ordinal="0" offset="0" sl="7" sc="5" el="7" ec="5" bec="0" bev="0" fileid="5" />
              </SequencePoints>
              <BranchPoints />
            </Method>
          </Methods>
        </Class>
        <Class>
          <Summary numSequencePoints="100" visitedSequencePoints="99" numBranchPoints="0" visitedBranchPoints="0" sequenceCoverage="99.00" branchCoverage="0.0" maxCyclomaticComplexity="0" minCyclomaticComplexity="0" maxCrapScore="0" minCrapScore="0" visitedClasses="1" numClasses="1" visitedMethods="12" numMethods="12" />
          <FullName>_Project.Ray_Tracer.Scripts.Utility.RTImage</FullName>
          <Methods>
            <Method visited="true" cyclomaticComplexity="0" nPathComplexity="0" sequenceCoverage="100.0" branchCoverage="0" crapScore="0" isConstructor="false" isStatic="false" isGetter="true" isSetter="false">
              <Summary numSequencePoints="3" visitedSequencePoints="3" numBranchPoints="0" visitedBranchPoints="0" sequenceCoverage="100.0" branchCoverage="0" maxCyclomaticComplexity="0" minCyclomaticComplexity="0" maxCrapScore="0" minCrapScore="0" visitedClasses="0" numClasses="0" visitedMethods="1" numMethods="1" />
              <MetadataToken>100663901</MetadataToken>
              <Name>System.Int32 _Project.Ray_Tracer.Scripts.Utility.RTImage::get_Width()</Name>
              <FileRef uid="55" />
              <SequencePoints>
                <SequencePoint vc="46" uspid="10866" ordinal="0" offset="0" sl="24" sc="17" el="24" ec="17" bec="0" bev="0" fileid="55" />
                <SequencePoint vc="46" uspid="10867" ordinal="0" offset="1" sl="24" sc="19" el="24" ec="19" bec="0" bev="0" fileid="55" />
                <SequencePoint vc="46" uspid="10868" ordinal="0" offset="10" sl="24" sc="33" el="24" ec="33" bec="0" bev="0" fileid="55" />
              </SequencePoints>
              <BranchPoints />
            </Method>
            <Method visited="true" cyclomaticComplexity="0" nPathComplexity="0" sequenceCoverage="100.0" branchCoverage="0" crapScore="0" isConstructor="false" isStatic="false" isGetter="false" isSetter="true">
              <Summary numSequencePoints="3" visitedSequencePoints="3" numBranchPoints="0" visitedBranchPoints="0" sequenceCoverage="100.0" branchCoverage="0" maxCyclomaticComplexity="0" minCyclomaticComplexity="0" maxCrapScore="0" minCrapScore="0" visitedClasses="0" numClasses="0" visitedMethods="1" numMethods="1" />
              <MetadataToken>100663902</MetadataToken>
              <Name>System.Void _Project.Ray_Tracer.Scripts.Utility.RTImage::set_Width(System.Int32)</Name>
              <FileRef uid="55" />
              <SequencePoints>
                <SequencePoint vc="8" uspid="10869" ordinal="0" offset="0" sl="25" sc="25" el="25" ec="25" bec="0" bev="0" fileid="55" />
                <SequencePoint vc="8" uspid="10870" ordinal="0" offset="1" sl="25" sc="27" el="25" ec="27" bec="0" bev="0" fileid="55" />
                <SequencePoint vc="8" uspid="10871" ordinal="0" offset="15" sl="25" sc="58" el="25" ec="58" bec="0" bev="0" fileid="55" />
              </SequencePoints>
              <BranchPoints />
            </Method>
            <Method visited="true" cyclomaticComplexity="0" nPathComplexity="0" sequenceCoverage="100.0" branchCoverage="0" crapScore="0" isConstructor="false" isStatic="false" isGetter="true" isSetter="false">
              <Summary numSequencePoints="3" visitedSequencePoints="3" numBranchPoints="0" visitedBranchPoints="0" sequenceCoverage="100.0" branchCoverage="0" maxCyclomaticComplexity="0" minCyclomaticComplexity="0" maxCrapScore="0" minCrapScore="0" visitedClasses="0" numClasses="0" visitedMethods="1" numMethods="1" />
              <MetadataToken>100663903</MetadataToken>
              <Name>System.Int32 _Project.Ray_Tracer.Scripts.Utility.RTImage::get_Height()</Name>
              <FileRef uid="55" />
              <SequencePoints>
                <SequencePoint vc="46" uspid="10872" ordinal="0" offset="0" sl="34" sc="17" el="34" ec="17" bec="0" bev="0" fileid="55" />
                <SequencePoint vc="46" uspid="10873" ordinal="0" offset="1" sl="34" sc="19" el="34" ec="19" bec="0" bev="0" fileid="55" />
                <SequencePoint vc="46" uspid="10874" ordinal="0" offset="10" sl="34" sc="34" el="34" ec="34" bec="0" bev="0" fileid="55" />
              </SequencePoints>
              <BranchPoints />
            </Method>
            <Method visited="true" cyclomaticComplexity="0" nPathComplexity="0" sequenceCoverage="100.0" branchCoverage="0" crapScore="0" isConstructor="false" isStatic="false" isGetter="false" isSetter="true">
              <Summary numSequencePoints="3" visitedSequencePoints="3" numBranchPoints="0" visitedBranchPoints="0" sequenceCoverage="100.0" branchCoverage="0" maxCyclomaticComplexity="0" minCyclomaticComplexity="0" maxCrapScore="0" minCrapScore="0" visitedClasses="0" numClasses="0" visitedMethods="1" numMethods="1" />
              <MetadataToken>100663904</MetadataToken>
              <Name>System.Void _Project.Ray_Tracer.Scripts.Utility.RTImage::set_Height(System.Int32)</Name>
              <FileRef uid="55" />
              <SequencePoints>
                <SequencePoint vc="8" uspid="10875" ordinal="0" offset="0" sl="35" sc="25" el="35" ec="25" bec="0" bev="0" fileid="55" />
                <SequencePoint vc="8" uspid="10876" ordinal="0" offset="1" sl="35" sc="27" el="35" ec="27" bec="0" bev="0" fileid="55" />
                <SequencePoint vc="8" uspid="10877" ordinal="0" offset="15" sl="35" sc="59" el="35" ec="59" bec="0" bev="0" fileid="55" />
              </SequencePoints>
              <BranchPoints />
            </Method>
            <Method visited="true" cyclomaticComplexity="0" nPathComplexity="0" sequenceCoverage="100.0" branchCoverage="0" crapScore="0" isConstructor="false" isStatic="false" isGetter="true" isSetter="false">
              <Summary numSequencePoints="3" visitedSequencePoints="3" numBranchPoints="0" visitedBranchPoints="0" sequenceCoverage="100.0" branchCoverage="0" maxCyclomaticComplexity="0" minCyclomaticComplexity="0" maxCrapScore="0" minCrapScore="0" visitedClasses="0" numClasses="0" visitedMethods="1" numMethods="1" />
              <MetadataToken>100663905</MetadataToken>
              <Name>UnityEngine.Color[] _Project.Ray_Tracer.Scripts.Utility.RTImage::get_Pixels()</Name>
              <FileRef uid="55" />
              <SequencePoints>
                <SequencePoint vc="84" uspid="10878" ordinal="0" offset="0" sl="48" sc="17" el="48" ec="17" bec="0" bev="0" fileid="55" />
                <SequencePoint vc="84" uspid="10879" ordinal="0" offset="1" sl="48" sc="19" el="48" ec="19" bec="0" bev="0" fileid="55" />
                <SequencePoint vc="84" uspid="10880" ordinal="0" offset="10" sl="48" sc="34" el="48" ec="34" bec="0" bev="0" fileid="55" />
              </SequencePoints>
              <BranchPoints />
            </Method>
            <Method visited="true" cyclomaticComplexity="0" nPathComplexity="0" sequenceCoverage="91.67" branchCoverage="0" crapScore="0" isConstructor="false" isStatic="false" isGetter="false" isSetter="true">
              <Summary numSequencePoints="12" visitedSequencePoints="11" numBranchPoints="0" visitedBranchPoints="0" sequenceCoverage="91.67" branchCoverage="0" maxCyclomaticComplexity="0" minCyclomaticComplexity="0" maxCrapScore="0" minCrapScore="0" visitedClasses="0" numClasses="0" visitedMethods="1" numMethods="1" />
              <MetadataToken>100663906</MetadataToken>
              <Name>System.Void _Project.Ray_Tracer.Scripts.Utility.RTImage::set_Pixels(UnityEngine.Color[])</Name>
              <FileRef uid="55" />
              <SequencePoints>
                <SequencePoint vc="4" uspid="10881" ordinal="0" offset="0" sl="50" sc="13" el="50" ec="13" bec="0" bev="0" fileid="55" />
                <SequencePoint vc="4" uspid="10882" ordinal="0" offset="1" sl="52" sc="17" el="52" ec="17" bec="0" bev="0" fileid="55" />
                <SequencePoint vc="1" uspid="10883" ordinal="0" offset="23" sl="53" sc="17" el="53" ec="17" bec="0" bev="0" fileid="55" />
                <SequencePoint vc="1" uspid="10884" ordinal="0" offset="24" sl="54" sc="21" el="54" ec="21" bec="0" bev="0" fileid="55" />
                <SequencePoint vc="1" uspid="10885" ordinal="0" offset="103" sl="56" sc="21" el="56" ec="21" bec="0" bev="0" fileid="55" />
                <SequencePoint vc="3" uspid="10886" ordinal="0" offset="105" sl="60" sc="17" el="60" ec="17" bec="0" bev="0" fileid="55" />
                <SequencePoint vc="0" uspid="10887" ordinal="0" offset="135" sl="61" sc="21" el="61" ec="21" bec="0" bev="0" fileid="55" />
                <SequencePoint vc="3" uspid="10888" ordinal="0" offset="159" sl="64" sc="22" el="64" ec="22" bec="0" bev="0" fileid="55" />
                <SequencePoint vc="7" uspid="10889" ordinal="0" offset="163" sl="65" sc="21" el="65" ec="21" bec="0" bev="0" fileid="55" />
                <SequencePoint vc="7" uspid="10890" ordinal="0" offset="182" sl="64" sc="61" el="64" ec="61" bec="0" bev="0" fileid="55" />
                <SequencePoint vc="10" uspid="10891" ordinal="0" offset="186" sl="64" sc="37" el="64" ec="37" bec="0" bev="0" fileid="55" />
                <SequencePoint vc="4" uspid="10892" ordinal="0" offset="208" sl="66" sc="13" el="66" ec="13" bec="0" bev="0" fileid="55" />
              </SequencePoints>
              <BranchPoints />
            </Method>
            <Method visited="true" cyclomaticComplexity="0" nPathComplexity="0" sequenceCoverage="100.0" branchCoverage="0" crapScore="0" isConstructor="false" isStatic="false" isGetter="false" isSetter="false">
              <Summary numSequencePoints="9" visitedSequencePoints="9" numBranchPoints="0" visitedBranchPoints="0" sequenceCoverage="100.0" branchCoverage="0" maxCyclomaticComplexity="0" minCyclomaticComplexity="0" maxCrapScore="0" minCrapScore="0" visitedClasses="0" numClasses="0" visitedMethods="1" numMethods="1" />
              <MetadataToken>100663909</MetadataToken>
              <Name>System.Void _Project.Ray_Tracer.Scripts.Utility.RTImage::Reset(System.Int32, System.Int32)</Name>
              <FileRef uid="55" />
              <SequencePoints>
                <SequencePoint vc="1" uspid="10893" ordinal="0" offset="0" sl="110" sc="9" el="110" ec="9" bec="0" bev="0" fileid="55" />
                <SequencePoint vc="1" uspid="10894" ordinal="0" offset="1" sl="111" sc="13" el="111" ec="13" bec="0" bev="0" fileid="55" />
                <SequencePoint vc="1" uspid="10895" ordinal="0" offset="9" sl="112" sc="13" el="112" ec="13" bec="0" bev="0" fileid="55" />
                <SequencePoint vc="1" uspid="10896" ordinal="0" offset="17" sl="115" sc="13" el="115" ec="13" bec="0" bev="0" fileid="55" />
                <SequencePoint vc="1" uspid="10897" ordinal="0" offset="47" sl="116" sc="17" el="116" ec="17" bec="0" bev="0" fileid="55" />
                <SequencePoint vc="1" uspid="10898" ordinal="0" offset="71" sl="117" sc="13" el="117" ec="13" bec="0" bev="0" fileid="55" />
                <SequencePoint vc="1" uspid="10899" ordinal="0" offset="83" sl="119" sc="13" el="119" ec="13" bec="0" bev="0" fileid="55" />
                <SequencePoint vc="1" uspid="10900" ordinal="0" offset="90" sl="120" sc="13" el="120" ec="13" bec="0" bev="0" fileid="55" />
                <SequencePoint vc="1" uspid="10901" ordinal="0" offset="108" sl="121" sc="9" el="121" ec="9" bec="0" bev="0" fileid="55" />
              </SequencePoints>
              <BranchPoints />
            </Method>
            <Method visited="true" cyclomaticComplexity="0" nPathComplexity="0" sequenceCoverage="100.0" branchCoverage="0" crapScore="0" isConstructor="false" isStatic="false" isGetter="false" isSetter="false">
              <Summary numSequencePoints="8" visitedSequencePoints="8" numBranchPoints="0" visitedBranchPoints="0" sequenceCoverage="100.0" branchCoverage="0" maxCyclomaticComplexity="0" minCyclomaticComplexity="0" maxCrapScore="0" minCrapScore="0" visitedClasses="0" numClasses="0" visitedMethods="1" numMethods="1" />
              <MetadataToken>100663912</MetadataToken>
              <Name>System.Void _Project.Ray_Tracer.Scripts.Utility.RTImage::SetUniformColor(UnityEngine.Color)</Name>
              <FileRef uid="55" />
              <SequencePoints>
                <SequencePoint vc="8" uspid="10953" ordinal="0" offset="0" sl="211" sc="9" el="211" ec="9" bec="0" bev="0" fileid="55" />
                <SequencePoint vc="8" uspid="10954" ordinal="0" offset="1" sl="212" sc="18" el="212" ec="18" bec="0" bev="0" fileid="55" />
                <SequencePoint vc="24" uspid="10955" ordinal="0" offset="5" sl="213" sc="17" el="213" ec="17" bec="0" bev="0" fileid="55" />
                <SequencePoint vc="24" uspid="10956" ordinal="0" offset="18" sl="212" sc="56" el="212" ec="56" bec="0" bev="0" fileid="55" />
                <SequencePoint vc="32" uspid="10957" ordinal="0" offset="22" sl="212" sc="33" el="212" ec="33" bec="0" bev="0" fileid="55" />
                <SequencePoint vc="8" uspid="10958" ordinal="0" offset="37" sl="215" sc="13" el="215" ec="13" bec="0" bev="0" fileid="55" />
                <SequencePoint vc="7" uspid="10959" ordinal="0" offset="44" sl="216" sc="13" el="216" ec="13" bec="0" bev="0" fileid="55" />
                <SequencePoint vc="7" uspid="10960" ordinal="0" offset="62" sl="217" sc="9" el="217" ec="9" bec="0" bev="0" fileid="55" />
              </SequencePoints>
              <BranchPoints />
            </Method>
            <Method visited="true" cyclomaticComplexity="0" nPathComplexity="0" sequenceCoverage="100.0" branchCoverage="0" crapScore="0" isConstructor="false" isStatic="true" isGetter="false" isSetter="false">
              <Summary numSequencePoints="31" visitedSequencePoints="31" numBranchPoints="0" visitedBranchPoints="0" sequenceCoverage="100.0" branchCoverage="0" maxCyclomaticComplexity="0" minCyclomaticComplexity="0" maxCrapScore="0" minCrapScore="0" visitedClasses="0" numClasses="0" visitedMethods="1" numMethods="1" />
              <MetadataToken>100663916</MetadataToken>
              <Name>static _Project.Ray_Tracer.Scripts.Utility.RTImage _Project.Ray_Tracer.Scripts.Utility.RTImage::FromByteArray(System.Byte[], System.Int32, System.Int32, System.Boolean)</Name>
              <FileRef uid="55" />
              <SequencePoints>
                <SequencePoint vc="3" uspid="11001" ordinal="0" offset="0" sl="294" sc="9" el="294" ec="9" bec="0" bev="0" fileid="55" />
                <SequencePoint vc="3" uspid="11002" ordinal="0" offset="1" sl="296" sc="13" el="296" ec="13" bec="0" bev="0" fileid="55" />
                <SequencePoint vc="3" uspid="11003" ordinal="0" offset="17" sl="297" sc="13" el="297" ec="13" bec="0" bev="0" fileid="55" />
                <SequencePoint vc="1" uspid="11004" ordinal="0" offset="30" sl="298" sc="17" el="298" ec="17" bec="0" bev="0" fileid="55" />
                <SequencePoint vc="2" uspid="11005" ordinal="0" offset="37" sl="300" sc="13" el="300" ec="13" bec="0" bev="0" fileid="55" />
                <SequencePoint vc="2" uspid="11006" ordinal="0" offset="46" sl="302" sc="13" el="302" ec="13" bec="0" bev="0" fileid="55" />
                <SequencePoint vc="1" uspid="11007" ordinal="0" offset="53" sl="303" sc="13" el="303" ec="13" bec="0" bev="0" fileid="55" />
                <SequencePoint vc="1" uspid="11008" ordinal="0" offset="54" sl="304" sc="22" el="304" ec="22" bec="0" bev="0" fileid="55" />
                <SequencePoint vc="1" uspid="11009" ordinal="0" offset="59" sl="305" sc="17" el="305" ec="17" bec="0" bev="0" fileid="55" />
                <SequencePoint vc="1" uspid="11010" ordinal="0" offset="60" sl="306" sc="21" el="306" ec="21" bec="0" bev="0" fileid="55" />
                <SequencePoint vc="1" uspid="11011" ordinal="0" offset="75" sl="307" sc="21" el="307" ec="21" bec="0" bev="0" fileid="55" />
                <SequencePoint vc="1" uspid="11012" ordinal="0" offset="92" sl="308" sc="21" el="308" ec="21" bec="0" bev="0" fileid="55" />
                <SequencePoint vc="1" uspid="11013" ordinal="0" offset="109" sl="309" sc="21" el="309" ec="21" bec="0" bev="0" fileid="55" />
                <SequencePoint vc="1" uspid="11014" ordinal="0" offset="126" sl="310" sc="21" el="310" ec="21" bec="0" bev="0" fileid="55" />
                <SequencePoint vc="1" uspid="11015" ordinal="0" offset="147" sl="311" sc="17" el="311" ec="17" bec="0" bev="0" fileid="55" />
                <SequencePoint vc="1" uspid="11016" ordinal="0" offset="148" sl="304" sc="53" el="304" ec="53" bec="0" bev="0" fileid="55" />
                <SequencePoint vc="2" uspid="11017" ordinal="0" offset="154" sl="304" sc="33" el="304" ec="33" bec="0" bev="0" fileid="55" />
                <SequencePoint vc="1" uspid="11018" ordinal="0" offset="167" sl="312" sc="13" el="312" ec="13" bec="0" bev="0" fileid="55" />
                <SequencePoint vc="1" uspid="11019" ordinal="0" offset="170" sl="314" sc="13" el="314" ec="13" bec="0" bev="0" fileid="55" />
                <SequencePoint vc="1" uspid="11020" ordinal="0" offset="171" sl="315" sc="22" el="315" ec="22" bec="0" bev="0" fileid="55" />
                <SequencePoint vc="2" uspid="11021" ordinal="0" offset="176" sl="316" sc="17" el="316" ec="17" bec="0" bev="0" fileid="55" />
                <SequencePoint vc="2" uspid="11022" ordinal="0" offset="177" sl="317" sc="21" el="317" ec="21" bec="0" bev="0" fileid="55" />
                <SequencePoint vc="2" uspid="11023" ordinal="0" offset="192" sl="318" sc="21" el="318" ec="21" bec="0" bev="0" fileid="55" />
                <SequencePoint vc="2" uspid="11024" ordinal="0" offset="209" sl="319" sc="21" el="319" ec="21" bec="0" bev="0" fileid="55" />
                <SequencePoint vc="2" uspid="11025" ordinal="0" offset="226" sl="320" sc="21" el="320" ec="21" bec="0" bev="0" fileid="55" />
                <SequencePoint vc="2" uspid="11026" ordinal="0" offset="250" sl="321" sc="17" el="321" ec="17" bec="0" bev="0" fileid="55" />
                <SequencePoint vc="2" uspid="11027" ordinal="0" offset="251" sl="315" sc="53" el="315" ec="53" bec="0" bev="0" fileid="55" />
                <SequencePoint vc="3" uspid="11028" ordinal="0" offset="257" sl="315" sc="33" el="315" ec="33" bec="0" bev="0" fileid="55" />
                <SequencePoint vc="1" uspid="11029" ordinal="0" offset="270" sl="322" sc="13" el="322" ec="13" bec="0" bev="0" fileid="55" />
                <SequencePoint vc="2" uspid="11030" ordinal="0" offset="271" sl="324" sc="13" el="324" ec="13" bec="0" bev="0" fileid="55" />
                <SequencePoint vc="3" uspid="11031" ordinal="0" offset="282" sl="325" sc="9" el="325" ec="9" bec="0" bev="0" fileid="55" />
              </SequencePoints>
              <BranchPoints />
            </Method>
            <Method visited="true" cyclomaticComplexity="0" nPathComplexity="0" sequenceCoverage="100.0" branchCoverage="0" crapScore="0" isConstructor="false" isStatic="false" isGetter="false" isSetter="false">
              <Summary numSequencePoints="8" visitedSequencePoints="8" numBranchPoints="0" visitedBranchPoints="0" sequenceCoverage="100.0" branchCoverage="0" maxCyclomaticComplexity="0" minCyclomaticComplexity="0" maxCrapScore="0" minCrapScore="0" visitedClasses="0" numClasses="0" visitedMethods="1" numMethods="1" />
              <MetadataToken>100663917</MetadataToken>
              <Name>System.Void _Project.Ray_Tracer.Scripts.Utility.RTImage::UpdateTexture()</Name>
              <FileRef uid="55" />
              <SequencePoints>
                <SequencePoint vc="15" uspid="11032" ordinal="0" offset="0" sl="332" sc="9" el="332" ec="9" bec="0" bev="0" fileid="55" />
                <SequencePoint vc="15" uspid="11033" ordinal="0" offset="1" sl="334" sc="13" el="334" ec="13" bec="0" bev="0" fileid="55" />
                <SequencePoint vc="8" uspid="11034" ordinal="0" offset="17" sl="335" sc="17" el="335" ec="17" bec="0" bev="0" fileid="55" />
                <SequencePoint vc="15" uspid="11035" ordinal="0" offset="29" sl="337" sc="13" el="337" ec="13" bec="0" bev="0" fileid="55" />
                <SequencePoint vc="14" uspid="11036" ordinal="0" offset="52" sl="338" sc="13" el="338" ec="13" bec="0" bev="0" fileid="55" />
                <SequencePoint vc="14" uspid="11037" ordinal="0" offset="65" sl="339" sc="13" el="339" ec="13" bec="0" bev="0" fileid="55" />
                <SequencePoint vc="14" uspid="11038" ordinal="0" offset="83" sl="340" sc="13" el="340" ec="13" bec="0" bev="0" fileid="55" />
                <SequencePoint vc="14" uspid="11039" ordinal="0" offset="95" sl="341" sc="9" el="341" ec="9" bec="0" bev="0" fileid="55" />
              </SequencePoints>
              <BranchPoints />
            </Method>
            <Method visited="true" cyclomaticComplexity="0" nPathComplexity="0" sequenceCoverage="100.0" branchCoverage="0" crapScore="0" isConstructor="true" isStatic="false" isGetter="false" isSetter="false">
              <Summary numSequencePoints="8" visitedSequencePoints="8" numBranchPoints="0" visitedBranchPoints="0" sequenceCoverage="100.0" branchCoverage="0" maxCyclomaticComplexity="0" minCyclomaticComplexity="0" maxCrapScore="0" minCrapScore="0" visitedClasses="0" numClasses="0" visitedMethods="1" numMethods="1" />
              <MetadataToken>100663907</MetadataToken>
              <Name>_Project.Ray_Tracer.Scripts.Utility.RTImage::RTImage(System.Int32, System.Int32)</Name>
              <FileRef uid="55" />
              <SequencePoints>
                <SequencePoint vc="5" uspid="11040" ordinal="0" offset="0" sl="76" sc="9" el="76" ec="9" bec="0" bev="0" fileid="55" />
                <SequencePoint vc="5" uspid="11041" ordinal="0" offset="7" sl="77" sc="9" el="77" ec="9" bec="0" bev="0" fileid="55" />
                <SequencePoint vc="5" uspid="11042" ordinal="0" offset="8" sl="78" sc="13" el="78" ec="13" bec="0" bev="0" fileid="55" />
                <SequencePoint vc="5" uspid="11043" ordinal="0" offset="16" sl="79" sc="13" el="79" ec="13" bec="0" bev="0" fileid="55" />
                <SequencePoint vc="5" uspid="11044" ordinal="0" offset="24" sl="81" sc="13" el="81" ec="13" bec="0" bev="0" fileid="55" />
                <SequencePoint vc="5" uspid="11045" ordinal="0" offset="48" sl="82" sc="13" el="82" ec="13" bec="0" bev="0" fileid="55" />
                <SequencePoint vc="4" uspid="11046" ordinal="0" offset="60" sl="83" sc="13" el="83" ec="13" bec="0" bev="0" fileid="55" />
                <SequencePoint vc="4" uspid="11047" ordinal="0" offset="67" sl="84" sc="9" el="84" ec="9" bec="0" bev="0" fileid="55" />
              </SequencePoints>
              <BranchPoints />
            </Method>
            <Method visited="true" cyclomaticComplexity="0" nPathComplexity="0" sequenceCoverage="100.0" branchCoverage="0" crapScore="0" isConstructor="true" isStatic="false" isGetter="false" isSetter="false">
              <Summary numSequencePoints="9" visitedSequencePoints="9" numBranchPoints="0" visitedBranchPoints="0" sequenceCoverage="100.0" branchCoverage="0" maxCyclomaticComplexity="0" minCyclomaticComplexity="0" maxCrapScore="0" minCrapScore="0" visitedClasses="0" numClasses="0" visitedMethods="1" numMethods="1" />
              <MetadataToken>100663908</MetadataToken>
              <Name>_Project.Ray_Tracer.Scripts.Utility.RTImage::RTImage(System.Int32, System.Int32, UnityEngine.Color[])</Name>
              <FileRef uid="55" />
              <SequencePoints>
                <SequencePoint vc="2" uspid="11048" ordinal="0" offset="0" sl="93" sc="9" el="93" ec="9" bec="0" bev="0" fileid="55" />
                <SequencePoint vc="2" uspid="11049" ordinal="0" offset="7" sl="94" sc="9" el="94" ec="9" bec="0" bev="0" fileid="55" />
                <SequencePoint vc="2" uspid="11050" ordinal="0" offset="8" sl="95" sc="13" el="95" ec="13" bec="0" bev="0" fileid="55" />
                <SequencePoint vc="2" uspid="11051" ordinal="0" offset="16" sl="96" sc="13" el="96" ec="13" bec="0" bev="0" fileid="55" />
                <SequencePoint vc="2" uspid="11052" ordinal="0" offset="24" sl="98" sc="13" el="98" ec="13" bec="0" bev="0" fileid="55" />
                <SequencePoint vc="2" uspid="11053" ordinal="0" offset="48" sl="99" sc="13" el="99" ec="13" bec="0" bev="0" fileid="55" />
                <SequencePoint vc="2" uspid="11054" ordinal="0" offset="60" sl="100" sc="13" el="100" ec="13" bec="0" bev="0" fileid="55" />
                <SequencePoint vc="2" uspid="11055" ordinal="0" offset="68" sl="101" sc="13" el="101" ec="13" bec="0" bev="0" fileid="55" />
                <SequencePoint vc="2" uspid="11056" ordinal="0" offset="75" sl="102" sc="9" el="102" ec="9" bec="0" bev="0" fileid="55" />
              </SequencePoints>
              <BranchPoints />
            </Method>
          </Methods>
        </Class>
        <Class>
          <Summary numSequencePoints="44" visitedSequencePoints="40" numBranchPoints="0" visitedBranchPoints="0" sequenceCoverage="90.91" branchCoverage="0.0" maxCyclomaticComplexity="0" minCyclomaticComplexity="0" maxCrapScore="0" minCrapScore="0" visitedClasses="1" numClasses="1" visitedMethods="12" numMethods="13" />
          <FullName>_Project.Ray_Tracer.Scripts.Utility.TreeNode[T]</FullName>
          <Methods>
            <Method visited="true" cyclomaticComplexity="0" nPathComplexity="0" sequenceCoverage="100.0" branchCoverage="0" crapScore="0" isConstructor="false" isStatic="false" isGetter="true" isSetter="false">
              <Summary numSequencePoints="1" visitedSequencePoints="1" numBranchPoints="0" visitedBranchPoints="0" sequenceCoverage="100.0" branchCoverage="0" maxCyclomaticComplexity="0" minCyclomaticComplexity="0" maxCrapScore="0" minCrapScore="0" visitedClasses="0" numClasses="0" visitedMethods="1" numMethods="1" />
              <MetadataToken>100663918</MetadataToken>
              <Name>T _Project.Ray_Tracer.Scripts.Utility.TreeNode[T]::get_Data()</Name>
              <FileRef uid="56" />
              <SequencePoints>
                <SequencePoint vc="2" uspid="11057" ordinal="0" offset="0" sl="14" sc="0" el="14" ec="0" bec="0" bev="0" fileid="56" />
              </SequencePoints>
              <BranchPoints />
            </Method>
            <Method visited="true" cyclomaticComplexity="0" nPathComplexity="0" sequenceCoverage="100.0" branchCoverage="0" crapScore="0" isConstructor="false" isStatic="false" isGetter="false" isSetter="true">
              <Summary numSequencePoints="1" visitedSequencePoints="1" numBranchPoints="0" visitedBranchPoints="0" sequenceCoverage="100.0" branchCoverage="0" maxCyclomaticComplexity="0" minCyclomaticComplexity="0" maxCrapScore="0" minCrapScore="0" visitedClasses="0" numClasses="0" visitedMethods="1" numMethods="1" />
              <MetadataToken>100663919</MetadataToken>
              <Name>System.Void _Project.Ray_Tracer.Scripts.Utility.TreeNode[T]::set_Data(T)</Name>
              <FileRef uid="56" />
              <SequencePoints>
                <SequencePoint vc="11" uspid="11058" ordinal="0" offset="0" sl="14" sc="0" el="14" ec="0" bec="0" bev="0" fileid="56" />
              </SequencePoints>
              <BranchPoints />
            </Method>
            <Method visited="true" cyclomaticComplexity="0" nPathComplexity="0" sequenceCoverage="100.0" branchCoverage="0" crapScore="0" isConstructor="false" isStatic="false" isGetter="true" isSetter="false">
              <Summary numSequencePoints="1" visitedSequencePoints="1" numBranchPoints="0" visitedBranchPoints="0" sequenceCoverage="100.0" branchCoverage="0" maxCyclomaticComplexity="0" minCyclomaticComplexity="0" maxCrapScore="0" minCrapScore="0" visitedClasses="0" numClasses="0" visitedMethods="1" numMethods="1" />
              <MetadataToken>100663920</MetadataToken>
              <Name>System.Collections.Generic.List[TreeNode`1] _Project.Ray_Tracer.Scripts.Utility.TreeNode[T]::get_Children()</Name>
              <FileRef uid="56" />
              <SequencePoints>
                <SequencePoint vc="30" uspid="11059" ordinal="0" offset="0" sl="19" sc="0" el="19" ec="0" bec="0" bev="0" fileid="56" />
              </SequencePoints>
              <BranchPoints />
            </Method>
            <Method visited="true" cyclomaticComplexity="0" nPathComplexity="0" sequenceCoverage="100.0" branchCoverage="0" crapScore="0" isConstructor="false" isStatic="false" isGetter="false" isSetter="true">
              <Summary numSequencePoints="1" visitedSequencePoints="1" numBranchPoints="0" visitedBranchPoints="0" sequenceCoverage="100.0" branchCoverage="0" maxCyclomaticComplexity="0" minCyclomaticComplexity="0" maxCrapScore="0" minCrapScore="0" visitedClasses="0" numClasses="0" visitedMethods="1" numMethods="1" />
              <MetadataToken>100663921</MetadataToken>
              <Name>System.Void _Project.Ray_Tracer.Scripts.Utility.TreeNode[T]::set_Children(System.Collections.Generic.List[TreeNode`1])</Name>
              <FileRef uid="56" />
              <SequencePoints>
                <SequencePoint vc="11" uspid="11060" ordinal="0" offset="0" sl="19" sc="0" el="19" ec="0" bec="0" bev="0" fileid="56" />
              </SequencePoints>
              <BranchPoints />
            </Method>
            <Method visited="true" cyclomaticComplexity="0" nPathComplexity="0" sequenceCoverage="100.0" branchCoverage="0" crapScore="0" isConstructor="false" isStatic="false" isGetter="false" isSetter="false">
              <Summary numSequencePoints="3" visitedSequencePoints="3" numBranchPoints="0" visitedBranchPoints="0" sequenceCoverage="100.0" branchCoverage="0" maxCyclomaticComplexity="0" minCyclomaticComplexity="0" maxCrapScore="0" minCrapScore="0" visitedClasses="0" numClasses="0" visitedMethods="1" numMethods="1" />
              <MetadataToken>100663924</MetadataToken>
              <Name>System.Boolean _Project.Ray_Tracer.Scripts.Utility.TreeNode[T]::IsRoot()</Name>
              <FileRef uid="56" />
              <SequencePoints>
                <SequencePoint vc="2" uspid="11061" ordinal="0" offset="0" sl="50" sc="0" el="50" ec="0" bec="0" bev="0" fileid="56" />
                <SequencePoint vc="2" uspid="11062" ordinal="0" offset="1" sl="51" sc="0" el="51" ec="0" bec="0" bev="0" fileid="56" />
                <SequencePoint vc="2" uspid="11063" ordinal="0" offset="13" sl="52" sc="0" el="52" ec="0" bec="0" bev="0" fileid="56" />
              </SequencePoints>
              <BranchPoints />
            </Method>
            <Method visited="true" cyclomaticComplexity="0" nPathComplexity="0" sequenceCoverage="100.0" branchCoverage="0" crapScore="0" isConstructor="false" isStatic="false" isGetter="false" isSetter="false">
              <Summary numSequencePoints="3" visitedSequencePoints="3" numBranchPoints="0" visitedBranchPoints="0" sequenceCoverage="100.0" branchCoverage="0" maxCyclomaticComplexity="0" minCyclomaticComplexity="0" maxCrapScore="0" minCrapScore="0" visitedClasses="0" numClasses="0" visitedMethods="1" numMethods="1" />
              <MetadataToken>100663925</MetadataToken>
              <Name>System.Boolean _Project.Ray_Tracer.Scripts.Utility.TreeNode[T]::IsLeaf()</Name>
              <FileRef uid="56" />
              <SequencePoints>
                <SequencePoint vc="10" uspid="11064" ordinal="0" offset="0" sl="59" sc="0" el="59" ec="0" bec="0" bev="0" fileid="56" />
                <SequencePoint vc="10" uspid="11065" ordinal="0" offset="1" sl="60" sc="0" el="60" ec="0" bec="0" bev="0" fileid="56" />
                <SequencePoint vc="10" uspid="11066" ordinal="0" offset="18" sl="61" sc="0" el="61" ec="0" bec="0" bev="0" fileid="56" />
              </SequencePoints>
              <BranchPoints />
            </Method>
            <Method visited="true" cyclomaticComplexity="0" nPathComplexity="0" sequenceCoverage="100.0" branchCoverage="0" crapScore="0" isConstructor="false" isStatic="false" isGetter="false" isSetter="false">
              <Summary numSequencePoints="3" visitedSequencePoints="3" numBranchPoints="0" visitedBranchPoints="0" sequenceCoverage="100.0" branchCoverage="0" maxCyclomaticComplexity="0" minCyclomaticComplexity="0" maxCrapScore="0" minCrapScore="0" visitedClasses="0" numClasses="0" visitedMethods="1" numMethods="1" />
              <MetadataToken>100663926</MetadataToken>
              <Name>System.Void _Project.Ray_Tracer.Scripts.Utility.TreeNode[T]::Clear()</Name>
              <FileRef uid="56" />
              <SequencePoints>
                <SequencePoint vc="1" uspid="11067" ordinal="0" offset="0" sl="67" sc="0" el="67" ec="0" bec="0" bev="0" fileid="56" />
                <SequencePoint vc="1" uspid="11068" ordinal="0" offset="1" sl="68" sc="0" el="68" ec="0" bec="0" bev="0" fileid="56" />
                <SequencePoint vc="1" uspid="11069" ordinal="0" offset="13" sl="69" sc="0" el="69" ec="0" bec="0" bev="0" fileid="56" />
              </SequencePoints>
              <BranchPoints />
            </Method>
            <Method visited="true" cyclomaticComplexity="0" nPathComplexity="0" sequenceCoverage="100.0" branchCoverage="0" crapScore="0" isConstructor="false" isStatic="false" isGetter="false" isSetter="false">
              <Summary numSequencePoints="11" visitedSequencePoints="11" numBranchPoints="0" visitedBranchPoints="0" sequenceCoverage="100.0" branchCoverage="0" maxCyclomaticComplexity="0" minCyclomaticComplexity="0" maxCrapScore="0" minCrapScore="0" visitedClasses="0" numClasses="0" visitedMethods="1" numMethods="1" />
              <MetadataToken>100663927</MetadataToken>
              <Name>System.Int32 _Project.Ray_Tracer.Scripts.Utility.TreeNode[T]::Depth()</Name>
              <FileRef uid="56" />
              <SequencePoints>
                <SequencePoint vc="8" uspid="11070" ordinal="0" offset="0" sl="77" sc="0" el="77" ec="0" bec="0" bev="0" fileid="56" />
                <SequencePoint vc="8" uspid="11071" ordinal="0" offset="1" sl="79" sc="0" el="79" ec="0" bec="0" bev="0" fileid="56" />
                <SequencePoint vc="5" uspid="11072" ordinal="0" offset="11" sl="80" sc="0" el="80" ec="0" bec="0" bev="0" fileid="56" />
                <SequencePoint vc="3" uspid="11073" ordinal="0" offset="15" sl="83" sc="0" el="83" ec="0" bec="0" bev="0" fileid="56" />
                <SequencePoint vc="3" uspid="11074" ordinal="0" offset="17" sl="84" sc="0" el="84" ec="0" bec="0" bev="0" fileid="56" />
                <SequencePoint vc="3" uspid="11075" ordinal="0" offset="18" sl="84" sc="0" el="84" ec="0" bec="0" bev="0" fileid="56" />
                <SequencePoint vc="3" uspid="11076" ordinal="0" offset="32" sl="84" sc="0" el="84" ec="0" bec="0" bev="0" fileid="56" />
                <SequencePoint vc="3" uspid="11077" ordinal="0" offset="41" sl="85" sc="0" el="85" ec="0" bec="0" bev="0" fileid="56" />
                <SequencePoint vc="6" uspid="11078" ordinal="0" offset="62" sl="84" sc="0" el="84" ec="0" bec="0" bev="0" fileid="56" />
                <SequencePoint vc="3" uspid="11079" ordinal="0" offset="88" sl="88" sc="0" el="88" ec="0" bec="0" bev="0" fileid="56" />
                <SequencePoint vc="8" uspid="11080" ordinal="0" offset="94" sl="89" sc="0" el="89" ec="0" bec="0" bev="0" fileid="56" />
              </SequencePoints>
              <BranchPoints />
            </Method>
            <Method visited="true" cyclomaticComplexity="0" nPathComplexity="0" sequenceCoverage="100.0" branchCoverage="0" crapScore="0" isConstructor="false" isStatic="false" isGetter="false" isSetter="false">
              <Summary numSequencePoints="4" visitedSequencePoints="4" numBranchPoints="0" visitedBranchPoints="0" sequenceCoverage="100.0" branchCoverage="0" maxCyclomaticComplexity="0" minCyclomaticComplexity="0" maxCrapScore="0" minCrapScore="0" visitedClasses="0" numClasses="0" visitedMethods="1" numMethods="1" />
              <MetadataToken>100663928</MetadataToken>
              <Name>System.Void _Project.Ray_Tracer.Scripts.Utility.TreeNode[T]::AddChild(T)</Name>
              <FileRef uid="56" />
              <SequencePoints>
                <SequencePoint vc="6" uspid="11081" ordinal="0" offset="0" sl="96" sc="0" el="96" ec="0" bec="0" bev="0" fileid="56" />
                <SequencePoint vc="6" uspid="11082" ordinal="0" offset="1" sl="97" sc="0" el="97" ec="0" bec="0" bev="0" fileid="56" />
                <SequencePoint vc="6" uspid="11083" ordinal="0" offset="9" sl="98" sc="0" el="98" ec="0" bec="0" bev="0" fileid="56" />
                <SequencePoint vc="6" uspid="11084" ordinal="0" offset="22" sl="99" sc="0" el="99" ec="0" bec="0" bev="0" fileid="56" />
              </SequencePoints>
              <BranchPoints />
            </Method>
            <Method visited="false" cyclomaticComplexity="0" nPathComplexity="0" sequenceCoverage="0.0" branchCoverage="0" crapScore="0" isConstructor="false" isStatic="false" isGetter="false" isSetter="false">
              <Summary numSequencePoints="4" visitedSequencePoints="0" numBranchPoints="0" visitedBranchPoints="0" sequenceCoverage="0.0" branchCoverage="0" maxCyclomaticComplexity="0" minCyclomaticComplexity="0" maxCrapScore="0" minCrapScore="0" visitedClasses="0" numClasses="0" visitedMethods="0" numMethods="1" />
              <MetadataToken>100663929</MetadataToken>
              <Name>System.Void _Project.Ray_Tracer.Scripts.Utility.TreeNode[T]::AddChild(_Project.Ray_Tracer.Scripts.Utility.TreeNode[T])</Name>
              <FileRef uid="56" />
              <SequencePoints>
                <SequencePoint vc="0" uspid="11085" ordinal="0" offset="0" sl="107" sc="0" el="107" ec="0" bec="0" bev="0" fileid="56" />
                <SequencePoint vc="0" uspid="11086" ordinal="0" offset="1" sl="108" sc="0" el="108" ec="0" bec="0" bev="0" fileid="56" />
                <SequencePoint vc="0" uspid="11087" ordinal="0" offset="8" sl="109" sc="0" el="109" ec="0" bec="0" bev="0" fileid="56" />
                <SequencePoint vc="0" uspid="11088" ordinal="0" offset="21" sl="110" sc="0" el="110" ec="0" bec="0" bev="0" fileid="56" />
              </SequencePoints>
              <BranchPoints />
            </Method>
            <Method visited="true" cyclomaticComplexity="0" nPathComplexity="0" sequenceCoverage="100.0" branchCoverage="0" crapScore="0" isConstructor="false" isStatic="false" isGetter="false" isSetter="false">
              <Summary numSequencePoints="3" visitedSequencePoints="3" numBranchPoints="0" visitedBranchPoints="0" sequenceCoverage="100.0" branchCoverage="0" maxCyclomaticComplexity="0" minCyclomaticComplexity="0" maxCrapScore="0" minCrapScore="0" visitedClasses="0" numClasses="0" visitedMethods="1" numMethods="1" />
              <MetadataToken>100663930</MetadataToken>
              <Name>System.Boolean _Project.Ray_Tracer.Scripts.Utility.TreeNode[T]::RemoveChild(_Project.Ray_Tracer.Scripts.Utility.TreeNode[T])</Name>
              <FileRef uid="56" />
              <SequencePoints>
                <SequencePoint vc="2" uspid="11089" ordinal="0" offset="0" sl="120" sc="0" el="120" ec="0" bec="0" bev="0" fileid="56" />
                <SequencePoint vc="2" uspid="11090" ordinal="0" offset="1" sl="121" sc="0" el="121" ec="0" bec="0" bev="0" fileid="56" />
                <SequencePoint vc="2" uspid="11091" ordinal="0" offset="16" sl="122" sc="0" el="122" ec="0" bec="0" bev="0" fileid="56" />
              </SequencePoints>
              <BranchPoints />
            </Method>
            <Method visited="true" cyclomaticComplexity="0" nPathComplexity="0" sequenceCoverage="100.0" branchCoverage="0" crapScore="0" isConstructor="true" isStatic="false" isGetter="false" isSetter="false">
              <Summary numSequencePoints="5" visitedSequencePoints="5" numBranchPoints="0" visitedBranchPoints="0" sequenceCoverage="100.0" branchCoverage="0" maxCyclomaticComplexity="0" minCyclomaticComplexity="0" maxCrapScore="0" minCrapScore="0" visitedClasses="0" numClasses="0" visitedMethods="1" numMethods="1" />
              <MetadataToken>100663922</MetadataToken>
              <Name>_Project.Ray_Tracer.Scripts.Utility.TreeNode[T]::TreeNode(T)</Name>
              <FileRef uid="56" />
              <SequencePoints>
                <SequencePoint vc="11" uspid="11092" ordinal="0" offset="0" sl="28" sc="0" el="28" ec="0" bec="0" bev="0" fileid="56" />
                <SequencePoint vc="11" uspid="11093" ordinal="0" offset="7" sl="29" sc="0" el="29" ec="0" bec="0" bev="0" fileid="56" />
                <SequencePoint vc="11" uspid="11094" ordinal="0" offset="8" sl="30" sc="0" el="30" ec="0" bec="0" bev="0" fileid="56" />
                <SequencePoint vc="11" uspid="11095" ordinal="0" offset="16" sl="31" sc="0" el="31" ec="0" bec="0" bev="0" fileid="56" />
                <SequencePoint vc="11" uspid="11096" ordinal="0" offset="28" sl="32" sc="0" el="32" ec="0" bec="0" bev="0" fileid="56" />
              </SequencePoints>
              <BranchPoints />
            </Method>
            <Method visited="true" cyclomaticComplexity="0" nPathComplexity="0" sequenceCoverage="100.0" branchCoverage="0" crapScore="0" isConstructor="true" isStatic="false" isGetter="false" isSetter="false">
              <Summary numSequencePoints="4" visitedSequencePoints="4" numBranchPoints="0" visitedBranchPoints="0" sequenceCoverage="100.0" branchCoverage="0" maxCyclomaticComplexity="0" minCyclomaticComplexity="0" maxCrapScore="0" minCrapScore="0" visitedClasses="0" numClasses="0" visitedMethods="1" numMethods="1" />
              <MetadataToken>100663923</MetadataToken>
              <Name>_Project.Ray_Tracer.Scripts.Utility.TreeNode[T]::TreeNode(T, _Project.Ray_Tracer.Scripts.Utility.TreeNode[T])</Name>
              <FileRef uid="56" />
              <SequencePoints>
                <SequencePoint vc="6" uspid="11097" ordinal="0" offset="0" sl="40" sc="0" el="40" ec="0" bec="0" bev="0" fileid="56" />
                <SequencePoint vc="6" uspid="11098" ordinal="0" offset="8" sl="41" sc="0" el="41" ec="0" bec="0" bev="0" fileid="56" />
                <SequencePoint vc="6" uspid="11099" ordinal="0" offset="9" sl="42" sc="0" el="42" ec="0" bec="0" bev="0" fileid="56" />
                <SequencePoint vc="6" uspid="11100" ordinal="0" offset="16" sl="43" sc="0" el="43" ec="0" bec="0" bev="0" fileid="56" />
              </SequencePoints>
              <BranchPoints />
            </Method>
          </Methods>
        </Class>
        <Class>
          <Summary numSequencePoints="10" visitedSequencePoints="10" numBranchPoints="0" visitedBranchPoints="0" sequenceCoverage="100.0" branchCoverage="0.0" maxCyclomaticComplexity="0" minCyclomaticComplexity="0" maxCrapScore="0" minCrapScore="0" visitedClasses="1" numClasses="1" visitedMethods="1" numMethods="1" />
          <FullName>_Project.Ray_Caster.Scripts.Voxel_Grid.VoxelGrid</FullName>
          <Methods>
            <Method visited="true" cyclomaticComplexity="0" nPathComplexity="0" sequenceCoverage="100.0" branchCoverage="0" crapScore="0" isConstructor="true" isStatic="false" isGetter="false" isSetter="false">
              <Summary numSequencePoints="10" visitedSequencePoints="10" numBranchPoints="0" visitedBranchPoints="0" sequenceCoverage="100.0" branchCoverage="0" maxCyclomaticComplexity="0" minCyclomaticComplexity="0" maxCrapScore="0" minCrapScore="0" visitedClasses="0" numClasses="0" visitedMethods="1" numMethods="1" />
              <MetadataToken>100664235</MetadataToken>
              <Name>_Project.Ray_Caster.Scripts.Voxel_Grid.VoxelGrid::VoxelGrid()</Name>
              <FileRef uid="72" />
              <SequencePoints>
                <SequencePoint vc="2" uspid="12904" ordinal="0" offset="0" sl="19" sc="9" el="19" ec="9" bec="0" bev="0" fileid="72" />
                <SequencePoint vc="2" uspid="12905" ordinal="0" offset="7" sl="28" sc="9" el="28" ec="9" bec="0" bev="0" fileid="72" />
                <SequencePoint vc="2" uspid="12906" ordinal="0" offset="15" sl="29" sc="9" el="29" ec="9" bec="0" bev="0" fileid="72" />
                <SequencePoint vc="2" uspid="12907" ordinal="0" offset="23" sl="30" sc="9" el="30" ec="9" bec="0" bev="0" fileid="72" />
                <SequencePoint vc="2" uspid="12908" ordinal="0" offset="31" sl="59" sc="9" el="59" ec="9" bec="0" bev="0" fileid="72" />
                <SequencePoint vc="2" uspid="12909" ordinal="0" offset="38" sl="60" sc="9" el="60" ec="9" bec="0" bev="0" fileid="72" />
                <SequencePoint vc="2" uspid="12910" ordinal="0" offset="45" sl="61" sc="9" el="61" ec="9" bec="0" bev="0" fileid="72" />
                <SequencePoint vc="2" uspid="12911" ordinal="0" offset="52" sl="62" sc="9" el="62" ec="9" bec="0" bev="0" fileid="72" />
                <SequencePoint vc="2" uspid="12912" ordinal="0" offset="59" sl="63" sc="9" el="63" ec="9" bec="0" bev="0" fileid="72" />
                <SequencePoint vc="2" uspid="12913" ordinal="0" offset="66" sl="64" sc="9" el="64" ec="9" bec="0" bev="0" fileid="72" />
              </SequencePoints>
              <BranchPoints />
            </Method>
          </Methods>
        </Class>
        <Class>
          <Summary numSequencePoints="4" visitedSequencePoints="4" numBranchPoints="0" visitedBranchPoints="0" sequenceCoverage="100.0" branchCoverage="0.0" maxCyclomaticComplexity="0" minCyclomaticComplexity="0" maxCrapScore="0" minCrapScore="0" visitedClasses="1" numClasses="1" visitedMethods="1" numMethods="1" />
          <FullName>_Project.Ray_Caster.Scripts.RC_Ray.RCRay/ColorTableEntry</FullName>
          <Methods>
            <Method visited="true" cyclomaticComplexity="0" nPathComplexity="0" sequenceCoverage="100.0" branchCoverage="0" crapScore="0" isConstructor="true" isStatic="false" isGetter="false" isSetter="false">
              <Summary numSequencePoints="4" visitedSequencePoints="4" numBranchPoints="0" visitedBranchPoints="0" sequenceCoverage="100.0" branchCoverage="0" maxCyclomaticComplexity="0" minCyclomaticComplexity="0" maxCrapScore="0" minCrapScore="0" visitedClasses="0" numClasses="0" visitedMethods="1" numMethods="1" />
              <MetadataToken>100664436</MetadataToken>
              <Name>_Project.Ray_Caster.Scripts.RC_Ray.RCRay/ColorTableEntry::ColorTableEntry(UnityEngine.Color, System.Single)</Name>
              <FileRef uid="73" />
              <SequencePoints>
                <SequencePoint vc="6" uspid="13607" ordinal="0" offset="0" sl="88" sc="13" el="88" ec="13" bec="0" bev="0" fileid="73" />
                <SequencePoint vc="6" uspid="13608" ordinal="0" offset="1" sl="89" sc="17" el="89" ec="17" bec="0" bev="0" fileid="73" />
                <SequencePoint vc="6" uspid="13609" ordinal="0" offset="8" sl="90" sc="17" el="90" ec="17" bec="0" bev="0" fileid="73" />
                <SequencePoint vc="6" uspid="13610" ordinal="0" offset="15" sl="91" sc="13" el="91" ec="13" bec="0" bev="0" fileid="73" />
              </SequencePoints>
              <BranchPoints />
            </Method>
          </Methods>
        </Class>
      </Classes>
    </Module>
  </Modules>
</CoverageSession>