<?xml version="1.0" encoding="utf-8"?>
<CoverageSession xmlns:xsd="http://www.w3.org/2001/XMLSchema" xmlns:xsi="http://www.w3.org/2001/XMLSchema-instance" Version="0.0.0.0">
  <Summary numSequencePoints="2254" visitedSequencePoints="1690" numBranchPoints="0" visitedBranchPoints="0" sequenceCoverage="74.98" branchCoverage="0.0" maxCyclomaticComplexity="0" minCyclomaticComplexity="0" maxCrapScore="0" minCrapScore="0" visitedClasses="62" numClasses="63" visitedMethods="326" numMethods="339" />
  <Modules>
    <Module>
      <Summary numSequencePoints="2254" visitedSequencePoints="1690" numBranchPoints="0" visitedBranchPoints="0" sequenceCoverage="74.98" branchCoverage="0.0" maxCyclomaticComplexity="0" minCyclomaticComplexity="0" maxCrapScore="0" minCrapScore="0" visitedClasses="62" numClasses="63" visitedMethods="326" numMethods="339" />
      <ModuleTime>0001-01-01T00:00:00</ModuleTime>
      <ModuleName>Project</ModuleName>
      <Files>
        <File uid="1" fullPath="/home/lukke/Documents/RUG/ResearchInternship/Projects/VVRT/UnityProject/Assets/_Project/Ray Caster/Scripts/UI/RayCalculationBreakdown.cs" />
        <File uid="2" fullPath="/home/lukke/Documents/RUG/ResearchInternship/Projects/VVRT/UnityProject/Assets/_Project/Ray Caster/Scripts/UI/RayCasterProperties.cs" />
        <File uid="3" fullPath="/home/lukke/Documents/RUG/ResearchInternship/Projects/VVRT/UnityProject/Assets/_Project/Ray Caster/Scripts/Utility/DepthTexMaker.cs" />
        <File uid="4" fullPath="/home/lukke/Documents/RUG/ResearchInternship/Projects/VVRT/UnityProject/Assets/_Project/Ray Caster/Scripts/Utility/Linear Interpolation.cs" />
        <File uid="5" fullPath="/home/lukke/Documents/RUG/ResearchInternship/Projects/VVRT/UnityProject/Assets/_Project/Ray Tracer/Scripts/Utility/Spin.cs" />
        <File uid="6" fullPath="/home/lukke/Documents/RUG/ResearchInternship/Projects/VVRT/UnityProject/Assets/_Project/UI/Scripts/BadgeNotification.cs" />
        <File uid="7" fullPath="/home/lukke/Documents/RUG/ResearchInternship/Projects/VVRT/UnityProject/Assets/_Project/UI/Scripts/Main Menu/Badges/Badge.cs" />
        <File uid="8" fullPath="/home/lukke/Documents/RUG/ResearchInternship/Projects/VVRT/UnityProject/Assets/_Project/UI/Scripts/Main Menu/Badges/BadgeShowcase.cs" />
        <File uid="9" fullPath="/home/lukke/Documents/RUG/ResearchInternship/Projects/VVRT/UnityProject/Assets/_Project/UI/Scripts/Main Menu/Badges/BadgesPanel.cs" />
        <File uid="10" fullPath="/home/lukke/Documents/RUG/ResearchInternship/Projects/VVRT/UnityProject/Assets/_Project/UI/Scripts/SceneLoader.cs" />
        <File uid="11" fullPath="/home/lukke/Documents/RUG/ResearchInternship/Projects/VVRT/UnityProject/Assets/_Project/UI/Scripts/FPSCounter.cs" />
        <File uid="12" fullPath="/home/lukke/Documents/RUG/ResearchInternship/Projects/VVRT/UnityProject/Assets/_Project/UI/Scripts/IntroductionPanel.cs" />
        <File uid="13" fullPath="/home/lukke/Documents/RUG/ResearchInternship/Projects/VVRT/UnityProject/Assets/_Project/UI/Scripts/RenderPreview.cs" />
        <File uid="14" fullPath="/home/lukke/Documents/RUG/ResearchInternship/Projects/VVRT/UnityProject/Assets/_Project/UI/Scripts/UIManager.cs" />
        <File uid="15" fullPath="/home/lukke/Documents/RUG/ResearchInternship/Projects/VVRT/UnityProject/Assets/_Project/UI/Scripts/Tutorial/TutorialManager.cs" />
        <File uid="16" fullPath="/home/lukke/Documents/RUG/ResearchInternship/Projects/VVRT/UnityProject/Assets/_Project/UI/Scripts/Tutorial/TutorialTasks.cs" />
        <File uid="17" fullPath="/home/lukke/Documents/RUG/ResearchInternship/Projects/VVRT/UnityProject/Assets/_Project/UI/Scripts/Tooltips/Tooltip.cs" />
        <File uid="18" fullPath="/home/lukke/Documents/RUG/ResearchInternship/Projects/VVRT/UnityProject/Assets/_Project/UI/Scripts/Tooltips/TooltipManager.cs" />
        <File uid="19" fullPath="/home/lukke/Documents/RUG/ResearchInternship/Projects/VVRT/UnityProject/Assets/_Project/UI/Scripts/Tooltips/TooltipTrigger.cs" />
        <File uid="20" fullPath="/home/lukke/Documents/RUG/ResearchInternship/Projects/VVRT/UnityProject/Assets/_Project/UI/Scripts/Tooltips/Version.cs" />
        <File uid="21" fullPath="/home/lukke/Documents/RUG/ResearchInternship/Projects/VVRT/UnityProject/Assets/_Project/UI/Scripts/Toolbar/CreateObjectDropdown.cs" />
        <File uid="22" fullPath="/home/lukke/Documents/RUG/ResearchInternship/Projects/VVRT/UnityProject/Assets/_Project/UI/Scripts/Toolbar/HelpPanel.cs" />
        <File uid="23" fullPath="/home/lukke/Documents/RUG/ResearchInternship/Projects/VVRT/UnityProject/Assets/_Project/UI/Scripts/Toolbar/InfoDropdown.cs" />
        <File uid="24" fullPath="/home/lukke/Documents/RUG/ResearchInternship/Projects/VVRT/UnityProject/Assets/_Project/UI/Scripts/Render Image Window/RenderedImageWindow.cs" />
        <File uid="25" fullPath="/home/lukke/Documents/RUG/ResearchInternship/Projects/VVRT/UnityProject/Assets/_Project/UI/Scripts/Render Image Window/UIZoomImage.cs" />
        <File uid="26" fullPath="/home/lukke/Documents/RUG/ResearchInternship/Projects/VVRT/UnityProject/Assets/_Project/UI/Scripts/Main Menu/LevelsPanel.cs" />
        <File uid="27" fullPath="/home/lukke/Documents/RUG/ResearchInternship/Projects/VVRT/UnityProject/Assets/_Project/UI/Scripts/Main Menu/MainMenu.cs" />
        <File uid="28" fullPath="/home/lukke/Documents/RUG/ResearchInternship/Projects/VVRT/UnityProject/Assets/_Project/UI/Scripts/Main Menu/SettingsPanel.cs" />
        <File uid="29" fullPath="/home/lukke/Documents/RUG/ResearchInternship/Projects/VVRT/UnityProject/Assets/_Project/UI/Scripts/Control Panel/BoolEdit.cs" />
        <File uid="30" fullPath="/home/lukke/Documents/RUG/ResearchInternship/Projects/VVRT/UnityProject/Assets/_Project/UI/Scripts/Control Panel/CameraProperties.cs" />
        <File uid="31" fullPath="/home/lukke/Documents/RUG/ResearchInternship/Projects/VVRT/UnityProject/Assets/_Project/UI/Scripts/Control Panel/ColorEdit.cs" />
        <File uid="32" fullPath="/home/lukke/Documents/RUG/ResearchInternship/Projects/VVRT/UnityProject/Assets/_Project/UI/Scripts/Control Panel/ControlPanel.cs" />
        <File uid="33" fullPath="/home/lukke/Documents/RUG/ResearchInternship/Projects/VVRT/UnityProject/Assets/_Project/UI/Scripts/Control Panel/FloatEdit.cs" />
        <File uid="34" fullPath="/home/lukke/Documents/RUG/ResearchInternship/Projects/VVRT/UnityProject/Assets/_Project/UI/Scripts/Control Panel/FolderButton.cs" />
        <File uid="35" fullPath="/home/lukke/Documents/RUG/ResearchInternship/Projects/VVRT/UnityProject/Assets/_Project/UI/Scripts/Control Panel/LightProperties.cs" />
        <File uid="36" fullPath="/home/lukke/Documents/RUG/ResearchInternship/Projects/VVRT/UnityProject/Assets/_Project/UI/Scripts/Control Panel/MeshProperties.cs" />
        <File uid="37" fullPath="/home/lukke/Documents/RUG/ResearchInternship/Projects/VVRT/UnityProject/Assets/_Project/UI/Scripts/Control Panel/PowerEdit.cs" />
        <File uid="38" fullPath="/home/lukke/Documents/RUG/ResearchInternship/Projects/VVRT/UnityProject/Assets/_Project/UI/Scripts/Control Panel/RayTracerProperties.cs" />
        <File uid="39" fullPath="/home/lukke/Documents/RUG/ResearchInternship/Projects/VVRT/UnityProject/Assets/_Project/UI/Scripts/Control Panel/Vector3Edit.cs" />
        <File uid="40" fullPath="/home/lukke/Documents/RUG/ResearchInternship/Projects/VVRT/UnityProject/Assets/_Project/UI/Scripts/Animation Tools/MeshAnimationSettings.cs" />
        <File uid="41" fullPath="/home/lukke/Documents/RUG/ResearchInternship/Projects/VVRT/UnityProject/Assets/_Project/UI/Scripts/Animation Tools/StartSceneAnimation.cs" />
        <File uid="42" fullPath="/home/lukke/Documents/RUG/ResearchInternship/Projects/VVRT/UnityProject/Assets/_Project/Scripts/CameraController.cs" />
        <File uid="43" fullPath="/home/lukke/Documents/RUG/ResearchInternship/Projects/VVRT/UnityProject/Assets/_Project/Scripts/GlobalManager.cs" />
        <File uid="44" fullPath="/home/lukke/Documents/RUG/ResearchInternship/Projects/VVRT/UnityProject/Assets/_Project/Scripts/Initialize.cs" />
        <File uid="45" fullPath="/home/lukke/Documents/RUG/ResearchInternship/Projects/VVRT/UnityProject/Assets/_Project/Ray Tracer/Scripts/RTSceneManager.cs" />
        <File uid="46" fullPath="/home/lukke/Documents/RUG/ResearchInternship/Projects/VVRT/UnityProject/Assets/_Project/Ray Tracer/Scripts/RayManager.cs" />
        <File uid="47" fullPath="/home/lukke/Documents/RUG/ResearchInternship/Projects/VVRT/UnityProject/Assets/_Project/Ray Tracer/Scripts/UnityRayTracer.cs" />
        <File uid="48" fullPath="/home/lukke/Documents/RUG/ResearchInternship/Projects/VVRT/UnityProject/Assets/_Project/Ray Tracer/Scripts/UnityRayTracerAcceleration.cs" />
        <File uid="49" fullPath="/home/lukke/Documents/RUG/ResearchInternship/Projects/VVRT/UnityProject/Assets/_Project/Ray Tracer/Scripts/UnityRayTracerLights.cs" />
        <File uid="50" fullPath="/home/lukke/Documents/RUG/ResearchInternship/Projects/VVRT/UnityProject/Assets/_Project/Ray Tracer/Scripts/Utility/AABB.cs" />
        <File uid="51" fullPath="/home/lukke/Documents/RUG/ResearchInternship/Projects/VVRT/UnityProject/Assets/_Project/Ray Tracer/Scripts/Utility/GLtest.cs" />
        <File uid="52" fullPath="/home/lukke/Documents/RUG/ResearchInternship/Projects/VVRT/UnityProject/Assets/_Project/Ray Tracer/Scripts/Utility/Octree.cs" />
        <File uid="53" fullPath="/home/lukke/Documents/RUG/ResearchInternship/Projects/VVRT/UnityProject/Assets/_Project/Ray Tracer/Scripts/Utility/OctreeNode.cs" />
        <File uid="54" fullPath="/home/lukke/Documents/RUG/ResearchInternship/Projects/VVRT/UnityProject/Assets/_Project/Ray Tracer/Scripts/Utility/OctreeRoot.cs" />
        <File uid="55" fullPath="/home/lukke/Documents/RUG/ResearchInternship/Projects/VVRT/UnityProject/Assets/_Project/Ray Tracer/Scripts/Utility/RTImage.cs" />
        <File uid="56" fullPath="/home/lukke/Documents/RUG/ResearchInternship/Projects/VVRT/UnityProject/Assets/_Project/Ray Tracer/Scripts/Utility/TreeNode.cs" />
        <File uid="57" fullPath="/home/lukke/Documents/RUG/ResearchInternship/Projects/VVRT/UnityProject/Assets/_Project/Ray Tracer/Scripts/RT Scene/RTMesh.cs" />
        <File uid="58" fullPath="/home/lukke/Documents/RUG/ResearchInternship/Projects/VVRT/UnityProject/Assets/_Project/Ray Tracer/Scripts/RT Scene/RTScene.cs" />
        <File uid="59" fullPath="/home/lukke/Documents/RUG/ResearchInternship/Projects/VVRT/UnityProject/Assets/_Project/Ray Tracer/Scripts/RT Scene/RT Light/RTSpotLight.cs" />
        <File uid="60" fullPath="/home/lukke/Documents/RUG/ResearchInternship/Projects/VVRT/UnityProject/Assets/_Project/Ray Tracer/Scripts/RT Scene/RT Light/RTPointLight.cs" />
        <File uid="61" fullPath="/home/lukke/Documents/RUG/ResearchInternship/Projects/VVRT/UnityProject/Assets/_Project/Ray Tracer/Scripts/RT Scene/RT Light/RTLight.cs" />
        <File uid="62" fullPath="/home/lukke/Documents/RUG/ResearchInternship/Projects/VVRT/UnityProject/Assets/_Project/Ray Tracer/Scripts/RT Scene/RT Light/RTAreaLight.cs" />
        <File uid="63" fullPath="/home/lukke/Documents/RUG/ResearchInternship/Projects/VVRT/UnityProject/Assets/_Project/Ray Tracer/Scripts/RT Scene/RT Camera/CameraCollisionMesh.cs" />
        <File uid="64" fullPath="/home/lukke/Documents/RUG/ResearchInternship/Projects/VVRT/UnityProject/Assets/_Project/Ray Tracer/Scripts/RT Scene/RT Camera/RTCamera.cs" />
        <File uid="65" fullPath="/home/lukke/Documents/RUG/ResearchInternship/Projects/VVRT/UnityProject/Assets/_Project/Ray Tracer/Scripts/RT Scene/RT Camera/RTScreen.cs" />
        <File uid="66" fullPath="/home/lukke/Documents/RUG/ResearchInternship/Projects/VVRT/UnityProject/Assets/_Project/Ray Tracer/Scripts/RT Ray/RTRay.cs" />
        <File uid="67" fullPath="/home/lukke/Documents/RUG/ResearchInternship/Projects/VVRT/UnityProject/Assets/_Project/Ray Tracer/Scripts/RT Ray/RayObject.cs" />
        <File uid="68" fullPath="/home/lukke/Documents/RUG/ResearchInternship/Projects/VVRT/UnityProject/Assets/_Project/Ray Tracer/Scripts/RT Ray/RayObjectPool.cs" />
        <File uid="69" fullPath="/home/lukke/Documents/RUG/ResearchInternship/Projects/VVRT/UnityProject/Assets/_Project/Ray Tracer/Scripts/RT Ray/RayRenderer.cs" />
        <File uid="70" fullPath="/home/lukke/Documents/RUG/ResearchInternship/Projects/VVRT/UnityProject/Assets/_Project/Ray Caster/Scripts/RayCasterManager.cs" />
        <File uid="71" fullPath="/home/lukke/Documents/RUG/ResearchInternship/Projects/VVRT/UnityProject/Assets/_Project/Ray Caster/Scripts/UnityRayCaster.cs" />
        <File uid="72" fullPath="/home/lukke/Documents/RUG/ResearchInternship/Projects/VVRT/UnityProject/Assets/_Project/Ray Caster/Scripts/Voxel Grid/VoxelGrid.cs" />
        <File uid="73" fullPath="/home/lukke/Documents/RUG/ResearchInternship/Projects/VVRT/UnityProject/Assets/_Project/Ray Caster/Scripts/RC Ray/RCRay.cs" />
        <File uid="74" fullPath="/home/lukke/Documents/RUG/ResearchInternship/Projects/VVRT/UnityProject/Assets/_Project/Ray Caster/Scripts/RC Ray/Sample.cs" />
        <File uid="75" fullPath="/home/lukke/Documents/RUG/ResearchInternship/Projects/VVRT/UnityProject/Assets/_Project/Ray Caster/Scripts/RC Ray/SampleObject.cs" />
        <File uid="76" fullPath="/home/lukke/Documents/RUG/ResearchInternship/Projects/VVRT/UnityProject/Assets/_Project/Ray Caster/Scripts/RC Ray/SampleObjectPool.cs" />
        <File uid="77" fullPath="/home/lukke/Documents/RUG/ResearchInternship/Projects/VVRT/UnityProject/Assets/_Project/Ray Caster/Scripts/RC Ray/SampleRenderer.cs" />
      </Files>
      <Classes>
        <Class>
          <Summary numSequencePoints="26" visitedSequencePoints="16" numBranchPoints="0" visitedBranchPoints="0" sequenceCoverage="61.54" branchCoverage="0.0" maxCyclomaticComplexity="0" minCyclomaticComplexity="0" maxCrapScore="0" minCrapScore="0" visitedClasses="1" numClasses="1" visitedMethods="4" numMethods="4" />
          <FullName>RayCalculationBreakdown</FullName>
          <Methods>
            <Method visited="true" cyclomaticComplexity="0" nPathComplexity="0" sequenceCoverage="100.0" branchCoverage="0" crapScore="0" isConstructor="false" isStatic="false" isGetter="false" isSetter="false">
              <Summary numSequencePoints="4" visitedSequencePoints="4" numBranchPoints="0" visitedBranchPoints="0" sequenceCoverage="100.0" branchCoverage="0" maxCyclomaticComplexity="0" minCyclomaticComplexity="0" maxCrapScore="0" minCrapScore="0" visitedClasses="0" numClasses="0" visitedMethods="1" numMethods="1" />
              <MetadataToken>100663297</MetadataToken>
              <Name>System.Void RayCalculationBreakdown::Start()</Name>
              <FileRef uid="1" />
              <SequencePoints>
                <SequencePoint vc="4" uspid="6819" ordinal="0" offset="0" sl="65" sc="5" el="65" ec="5" bec="0" bev="0" fileid="1" />
                <SequencePoint vc="4" uspid="6820" ordinal="0" offset="1" sl="66" sc="9" el="66" ec="9" bec="0" bev="0" fileid="1" />
                <SequencePoint vc="4" uspid="6821" ordinal="0" offset="12" sl="67" sc="9" el="67" ec="9" bec="0" bev="0" fileid="1" />
                <SequencePoint vc="4" uspid="6822" ordinal="0" offset="23" sl="68" sc="5" el="68" ec="5" bec="0" bev="0" fileid="1" />
              </SequencePoints>
              <BranchPoints />
            </Method>
            <Method visited="true" cyclomaticComplexity="0" nPathComplexity="0" sequenceCoverage="41.18" branchCoverage="0" crapScore="0" isConstructor="false" isStatic="false" isGetter="false" isSetter="false">
              <Summary numSequencePoints="17" visitedSequencePoints="7" numBranchPoints="0" visitedBranchPoints="0" sequenceCoverage="41.18" branchCoverage="0" maxCyclomaticComplexity="0" minCyclomaticComplexity="0" maxCrapScore="0" minCrapScore="0" visitedClasses="0" numClasses="0" visitedMethods="1" numMethods="1" />
              <MetadataToken>100663298</MetadataToken>
              <Name>System.Void RayCalculationBreakdown::FixedUpdate()</Name>
              <FileRef uid="1" />
              <SequencePoints>
                <SequencePoint vc="180" uspid="6823" ordinal="0" offset="0" sl="71" sc="5" el="71" ec="5" bec="0" bev="0" fileid="1" />
                <SequencePoint vc="180" uspid="6824" ordinal="0" offset="1" sl="72" sc="9" el="72" ec="9" bec="0" bev="0" fileid="1" />
                <SequencePoint vc="0" uspid="6825" ordinal="0" offset="19" sl="73" sc="9" el="73" ec="9" bec="0" bev="0" fileid="1" />
                <SequencePoint vc="0" uspid="6826" ordinal="0" offset="20" sl="74" sc="13" el="74" ec="13" bec="0" bev="0" fileid="1" />
                <SequencePoint vc="0" uspid="6827" ordinal="0" offset="35" sl="75" sc="13" el="75" ec="13" bec="0" bev="0" fileid="1" />
                <SequencePoint vc="0" uspid="6828" ordinal="0" offset="36" sl="76" sc="17" el="76" ec="17" bec="0" bev="0" fileid="1" />
                <SequencePoint vc="0" uspid="6829" ordinal="0" offset="43" sl="77" sc="13" el="77" ec="13" bec="0" bev="0" fileid="1" />
                <SequencePoint vc="0" uspid="6830" ordinal="0" offset="44" sl="78" sc="13" el="78" ec="13" bec="0" bev="0" fileid="1" />
                <SequencePoint vc="0" uspid="6831" ordinal="0" offset="66" sl="79" sc="13" el="79" ec="13" bec="0" bev="0" fileid="1" />
                <SequencePoint vc="0" uspid="6832" ordinal="0" offset="102" sl="81" sc="13" el="81" ec="13" bec="0" bev="0" fileid="1" />
                <SequencePoint vc="0" uspid="6833" ordinal="0" offset="152" sl="82" sc="13" el="82" ec="13" bec="0" bev="0" fileid="1" />
                <SequencePoint vc="0" uspid="6834" ordinal="0" offset="171" sl="83" sc="9" el="83" ec="9" bec="0" bev="0" fileid="1" />
                <SequencePoint vc="180" uspid="6835" ordinal="0" offset="174" sl="85" sc="9" el="85" ec="9" bec="0" bev="0" fileid="1" />
                <SequencePoint vc="180" uspid="6836" ordinal="0" offset="175" sl="86" sc="13" el="86" ec="13" bec="0" bev="0" fileid="1" />
                <SequencePoint vc="4" uspid="6837" ordinal="0" offset="187" sl="87" sc="17" el="87" ec="17" bec="0" bev="0" fileid="1" />
                <SequencePoint vc="180" uspid="6838" ordinal="0" offset="194" sl="88" sc="9" el="88" ec="9" bec="0" bev="0" fileid="1" />
                <SequencePoint vc="180" uspid="6839" ordinal="0" offset="195" sl="89" sc="5" el="89" ec="5" bec="0" bev="0" fileid="1" />
              </SequencePoints>
              <BranchPoints />
            </Method>
            <Method visited="true" cyclomaticComplexity="0" nPathComplexity="0" sequenceCoverage="100.0" branchCoverage="0" crapScore="0" isConstructor="false" isStatic="false" isGetter="false" isSetter="false">
              <Summary numSequencePoints="4" visitedSequencePoints="4" numBranchPoints="0" visitedBranchPoints="0" sequenceCoverage="100.0" branchCoverage="0" maxCyclomaticComplexity="0" minCyclomaticComplexity="0" maxCrapScore="0" minCrapScore="0" visitedClasses="0" numClasses="0" visitedMethods="1" numMethods="1" />
              <MetadataToken>100663299</MetadataToken>
              <Name>System.Void RayCalculationBreakdown::stopDisplaying()</Name>
              <FileRef uid="1" />
              <SequencePoints>
                <SequencePoint vc="4" uspid="6840" ordinal="0" offset="0" sl="95" sc="5" el="95" ec="5" bec="0" bev="0" fileid="1" />
                <SequencePoint vc="4" uspid="6841" ordinal="0" offset="1" sl="96" sc="9" el="96" ec="9" bec="0" bev="0" fileid="1" />
                <SequencePoint vc="4" uspid="6842" ordinal="0" offset="14" sl="97" sc="9" el="97" ec="9" bec="0" bev="0" fileid="1" />
                <SequencePoint vc="4" uspid="6843" ordinal="0" offset="21" sl="98" sc="5" el="98" ec="5" bec="0" bev="0" fileid="1" />
              </SequencePoints>
              <BranchPoints />
            </Method>
            <Method visited="true" cyclomaticComplexity="0" nPathComplexity="0" sequenceCoverage="100.0" branchCoverage="0" crapScore="0" isConstructor="true" isStatic="false" isGetter="false" isSetter="false">
              <Summary numSequencePoints="1" visitedSequencePoints="1" numBranchPoints="0" visitedBranchPoints="0" sequenceCoverage="100.0" branchCoverage="0" maxCyclomaticComplexity="0" minCyclomaticComplexity="0" maxCrapScore="0" minCrapScore="0" visitedClasses="0" numClasses="0" visitedMethods="1" numMethods="1" />
              <MetadataToken>100663309</MetadataToken>
              <Name>RayCalculationBreakdown::RayCalculationBreakdown()</Name>
              <FileRef uid="1" />
              <SequencePoints>
                <SequencePoint vc="12" uspid="6916" ordinal="0" offset="0" sl="21" sc="5" el="21" ec="5" bec="0" bev="0" fileid="1" />
              </SequencePoints>
              <BranchPoints />
            </Method>
          </Methods>
        </Class>
        <Class>
          <Summary numSequencePoints="105" visitedSequencePoints="76" numBranchPoints="0" visitedBranchPoints="0" sequenceCoverage="72.38" branchCoverage="0.0" maxCyclomaticComplexity="0" minCyclomaticComplexity="0" maxCrapScore="0" minCrapScore="0" visitedClasses="1" numClasses="1" visitedMethods="13" numMethods="13" />
          <FullName>RayCasterProperties</FullName>
          <Methods>
            <Method visited="true" cyclomaticComplexity="0" nPathComplexity="0" sequenceCoverage="100.0" branchCoverage="0" crapScore="0" isConstructor="false" isStatic="false" isGetter="false" isSetter="false">
              <Summary numSequencePoints="18" visitedSequencePoints="18" numBranchPoints="0" visitedBranchPoints="0" sequenceCoverage="100.0" branchCoverage="0" maxCyclomaticComplexity="0" minCyclomaticComplexity="0" maxCrapScore="0" minCrapScore="0" visitedClasses="0" numClasses="0" visitedMethods="1" numMethods="1" />
              <MetadataToken>100663310</MetadataToken>
              <Name>System.Void RayCasterProperties::Show()</Name>
              <FileRef uid="2" />
              <SequencePoints>
                <SequencePoint vc="4" uspid="6917" ordinal="0" offset="0" sl="94" sc="5" el="94" ec="5" bec="0" bev="0" fileid="2" />
                <SequencePoint vc="4" uspid="6918" ordinal="0" offset="1" sl="95" sc="9" el="95" ec="9" bec="0" bev="0" fileid="2" />
                <SequencePoint vc="4" uspid="6919" ordinal="0" offset="8" sl="96" sc="9" el="96" ec="9" bec="0" bev="0" fileid="2" />
                <SequencePoint vc="4" uspid="6920" ordinal="0" offset="19" sl="97" sc="9" el="97" ec="9" bec="0" bev="0" fileid="2" />
                <SequencePoint vc="4" uspid="6921" ordinal="0" offset="37" sl="98" sc="9" el="98" ec="9" bec="0" bev="0" fileid="2" />
                <SequencePoint vc="4" uspid="6922" ordinal="0" offset="48" sl="99" sc="9" el="99" ec="9" bec="0" bev="0" fileid="2" />
                <SequencePoint vc="4" uspid="6923" ordinal="0" offset="65" sl="100" sc="9" el="100" ec="9" bec="0" bev="0" fileid="2" />
                <SequencePoint vc="4" uspid="6924" ordinal="0" offset="82" sl="101" sc="9" el="101" ec="9" bec="0" bev="0" fileid="2" />
                <SequencePoint vc="4" uspid="6925" ordinal="0" offset="105" sl="102" sc="9" el="102" ec="9" bec="0" bev="0" fileid="2" />
                <SequencePoint vc="4" uspid="6926" ordinal="0" offset="135" sl="103" sc="9" el="103" ec="9" bec="0" bev="0" fileid="2" />
                <SequencePoint vc="4" uspid="6927" ordinal="0" offset="175" sl="104" sc="9" el="104" ec="9" bec="0" bev="0" fileid="2" />
                <SequencePoint vc="4" uspid="6928" ordinal="0" offset="215" sl="105" sc="9" el="105" ec="9" bec="0" bev="0" fileid="2" />
                <SequencePoint vc="4" uspid="6929" ordinal="0" offset="233" sl="106" sc="9" el="106" ec="9" bec="0" bev="0" fileid="2" />
                <SequencePoint vc="4" uspid="6930" ordinal="0" offset="256" sl="107" sc="9" el="107" ec="9" bec="0" bev="0" fileid="2" />
                <SequencePoint vc="4" uspid="6931" ordinal="0" offset="279" sl="108" sc="9" el="108" ec="9" bec="0" bev="0" fileid="2" />
                <SequencePoint vc="4" uspid="6932" ordinal="0" offset="302" sl="109" sc="9" el="109" ec="9" bec="0" bev="0" fileid="2" />
                <SequencePoint vc="4" uspid="6933" ordinal="0" offset="325" sl="110" sc="9" el="110" ec="9" bec="0" bev="0" fileid="2" />
                <SequencePoint vc="4" uspid="6934" ordinal="0" offset="361" sl="111" sc="5" el="111" ec="5" bec="0" bev="0" fileid="2" />
              </SequencePoints>
              <BranchPoints />
            </Method>
            <Method visited="true" cyclomaticComplexity="0" nPathComplexity="0" sequenceCoverage="100.0" branchCoverage="0" crapScore="0" isConstructor="false" isStatic="false" isGetter="false" isSetter="false">
              <Summary numSequencePoints="24" visitedSequencePoints="24" numBranchPoints="0" visitedBranchPoints="0" sequenceCoverage="100.0" branchCoverage="0" maxCyclomaticComplexity="0" minCyclomaticComplexity="0" maxCrapScore="0" minCrapScore="0" visitedClasses="0" numClasses="0" visitedMethods="1" numMethods="1" />
              <MetadataToken>100663311</MetadataToken>
              <Name>System.Void RayCasterProperties::Awake()</Name>
              <FileRef uid="2" />
              <SequencePoints>
                <SequencePoint vc="4" uspid="6935" ordinal="0" offset="0" sl="114" sc="5" el="114" ec="5" bec="0" bev="0" fileid="2" />
                <SequencePoint vc="4" uspid="6936" ordinal="0" offset="1" sl="115" sc="9" el="115" ec="9" bec="0" bev="0" fileid="2" />
                <SequencePoint vc="4" uspid="6937" ordinal="0" offset="8" sl="118" sc="9" el="118" ec="9" bec="0" bev="0" fileid="2" />
                <SequencePoint vc="4" uspid="6938" ordinal="0" offset="25" sl="121" sc="9" el="121" ec="9" bec="0" bev="0" fileid="2" />
                <SequencePoint vc="4" uspid="6939" ordinal="0" offset="54" sl="136" sc="9" el="136" ec="9" bec="0" bev="0" fileid="2" />
                <SequencePoint vc="4" uspid="6940" ordinal="0" offset="102" sl="141" sc="9" el="141" ec="9" bec="0" bev="0" fileid="2" />
                <SequencePoint vc="4" uspid="6941" ordinal="0" offset="131" sl="149" sc="9" el="149" ec="9" bec="0" bev="0" fileid="2" />
                <SequencePoint vc="4" uspid="6942" ordinal="0" offset="160" sl="150" sc="9" el="150" ec="9" bec="0" bev="0" fileid="2" />
                <SequencePoint vc="4" uspid="6943" ordinal="0" offset="189" sl="155" sc="9" el="155" ec="9" bec="0" bev="0" fileid="2" />
                <SequencePoint vc="4" uspid="6944" ordinal="0" offset="218" sl="160" sc="9" el="160" ec="9" bec="0" bev="0" fileid="2" />
                <SequencePoint vc="4" uspid="6945" ordinal="0" offset="247" sl="165" sc="9" el="165" ec="9" bec="0" bev="0" fileid="2" />
                <SequencePoint vc="4" uspid="6946" ordinal="0" offset="276" sl="166" sc="9" el="166" ec="9" bec="0" bev="0" fileid="2" />
                <SequencePoint vc="4" uspid="6947" ordinal="0" offset="305" sl="167" sc="9" el="167" ec="9" bec="0" bev="0" fileid="2" />
                <SequencePoint vc="4" uspid="6948" ordinal="0" offset="334" sl="169" sc="9" el="169" ec="9" bec="0" bev="0" fileid="2" />
                <SequencePoint vc="4" uspid="6949" ordinal="0" offset="363" sl="170" sc="9" el="170" ec="9" bec="0" bev="0" fileid="2" />
                <SequencePoint vc="4" uspid="6950" ordinal="0" offset="392" sl="171" sc="9" el="171" ec="9" bec="0" bev="0" fileid="2" />
                <SequencePoint vc="4" uspid="6951" ordinal="0" offset="421" sl="172" sc="9" el="172" ec="9" bec="0" bev="0" fileid="2" />
                <SequencePoint vc="4" uspid="6952" ordinal="0" offset="450" sl="173" sc="9" el="173" ec="9" bec="0" bev="0" fileid="2" />
                <SequencePoint vc="4" uspid="6953" ordinal="0" offset="479" sl="175" sc="9" el="175" ec="9" bec="0" bev="0" fileid="2" />
                <SequencePoint vc="4" uspid="6954" ordinal="0" offset="508" sl="176" sc="9" el="176" ec="9" bec="0" bev="0" fileid="2" />
                <SequencePoint vc="4" uspid="6955" ordinal="0" offset="537" sl="177" sc="9" el="177" ec="9" bec="0" bev="0" fileid="2" />
                <SequencePoint vc="4" uspid="6956" ordinal="0" offset="566" sl="178" sc="9" el="178" ec="9" bec="0" bev="0" fileid="2" />
                <SequencePoint vc="4" uspid="6957" ordinal="0" offset="595" sl="179" sc="9" el="179" ec="9" bec="0" bev="0" fileid="2" />
                <SequencePoint vc="4" uspid="6958" ordinal="0" offset="624" sl="180" sc="5" el="180" ec="5" bec="0" bev="0" fileid="2" />
              </SequencePoints>
              <BranchPoints />
            </Method>
            <Method visited="true" cyclomaticComplexity="0" nPathComplexity="0" sequenceCoverage="33.33" branchCoverage="0" crapScore="0" isConstructor="false" isStatic="false" isGetter="false" isSetter="false">
              <Summary numSequencePoints="15" visitedSequencePoints="5" numBranchPoints="0" visitedBranchPoints="0" sequenceCoverage="33.33" branchCoverage="0" maxCyclomaticComplexity="0" minCyclomaticComplexity="0" maxCrapScore="0" minCrapScore="0" visitedClasses="0" numClasses="0" visitedMethods="1" numMethods="1" />
              <MetadataToken>100663316</MetadataToken>
              <Name>System.Void RayCasterProperties::setVoxelDens(_Project.Ray_Caster.Scripts.Voxel_Grid.VoxelGrid/VoxelGridType)</Name>
              <FileRef uid="2" />
              <SequencePoints>
                <SequencePoint vc="4" uspid="7004" ordinal="0" offset="0" sl="266" sc="5" el="266" ec="5" bec="0" bev="0" fileid="2" />
                <SequencePoint vc="4" uspid="7005" ordinal="0" offset="1" sl="267" sc="9" el="267" ec="9" bec="0" bev="0" fileid="2" />
                <SequencePoint vc="0" uspid="7006" ordinal="0" offset="37" sl="270" sc="17" el="270" ec="17" bec="0" bev="0" fileid="2" />
                <SequencePoint vc="0" uspid="7007" ordinal="0" offset="48" sl="271" sc="17" el="271" ec="17" bec="0" bev="0" fileid="2" />
                <SequencePoint vc="0" uspid="7008" ordinal="0" offset="50" sl="273" sc="17" el="273" ec="17" bec="0" bev="0" fileid="2" />
                <SequencePoint vc="0" uspid="7009" ordinal="0" offset="61" sl="274" sc="17" el="274" ec="17" bec="0" bev="0" fileid="2" />
                <SequencePoint vc="4" uspid="7010" ordinal="0" offset="63" sl="276" sc="17" el="276" ec="17" bec="0" bev="0" fileid="2" />
                <SequencePoint vc="4" uspid="7011" ordinal="0" offset="74" sl="277" sc="17" el="277" ec="17" bec="0" bev="0" fileid="2" />
                <SequencePoint vc="0" uspid="7012" ordinal="0" offset="76" sl="279" sc="17" el="279" ec="17" bec="0" bev="0" fileid="2" />
                <SequencePoint vc="0" uspid="7013" ordinal="0" offset="87" sl="280" sc="17" el="280" ec="17" bec="0" bev="0" fileid="2" />
                <SequencePoint vc="0" uspid="7014" ordinal="0" offset="89" sl="282" sc="17" el="282" ec="17" bec="0" bev="0" fileid="2" />
                <SequencePoint vc="0" uspid="7015" ordinal="0" offset="100" sl="283" sc="17" el="283" ec="17" bec="0" bev="0" fileid="2" />
                <SequencePoint vc="0" uspid="7016" ordinal="0" offset="102" sl="285" sc="17" el="285" ec="17" bec="0" bev="0" fileid="2" />
                <SequencePoint vc="0" uspid="7017" ordinal="0" offset="113" sl="286" sc="17" el="286" ec="17" bec="0" bev="0" fileid="2" />
                <SequencePoint vc="4" uspid="7018" ordinal="0" offset="115" sl="288" sc="5" el="288" ec="5" bec="0" bev="0" fileid="2" />
              </SequencePoints>
              <BranchPoints />
            </Method>
            <Method visited="true" cyclomaticComplexity="0" nPathComplexity="0" sequenceCoverage="43.75" branchCoverage="0" crapScore="0" isConstructor="false" isStatic="false" isGetter="false" isSetter="false">
              <Summary numSequencePoints="16" visitedSequencePoints="7" numBranchPoints="0" visitedBranchPoints="0" sequenceCoverage="43.75" branchCoverage="0" maxCyclomaticComplexity="0" minCyclomaticComplexity="0" maxCrapScore="0" minCrapScore="0" visitedClasses="0" numClasses="0" visitedMethods="1" numMethods="1" />
              <MetadataToken>100663317</MetadataToken>
              <Name>System.Void RayCasterProperties::CompositingMethodChanged(_Project.Ray_Caster.Scripts.RC_Ray.RCRay/CompositingMethodType)</Name>
              <FileRef uid="2" />
              <SequencePoints>
                <SequencePoint vc="4" uspid="7019" ordinal="0" offset="0" sl="295" sc="5" el="295" ec="5" bec="0" bev="0" fileid="2" />
                <SequencePoint vc="4" uspid="7020" ordinal="0" offset="1" sl="296" sc="9" el="296" ec="9" bec="0" bev="0" fileid="2" />
                <SequencePoint vc="4" uspid="7021" ordinal="0" offset="29" sl="299" sc="17" el="299" ec="17" bec="0" bev="0" fileid="2" />
                <SequencePoint vc="4" uspid="7022" ordinal="0" offset="42" sl="300" sc="17" el="300" ec="17" bec="0" bev="0" fileid="2" />
                <SequencePoint vc="4" uspid="7023" ordinal="0" offset="55" sl="301" sc="17" el="301" ec="17" bec="0" bev="0" fileid="2" />
                <SequencePoint vc="0" uspid="7024" ordinal="0" offset="57" sl="303" sc="17" el="303" ec="17" bec="0" bev="0" fileid="2" />
                <SequencePoint vc="0" uspid="7025" ordinal="0" offset="70" sl="304" sc="17" el="304" ec="17" bec="0" bev="0" fileid="2" />
                <SequencePoint vc="0" uspid="7026" ordinal="0" offset="83" sl="305" sc="17" el="305" ec="17" bec="0" bev="0" fileid="2" />
                <SequencePoint vc="0" uspid="7027" ordinal="0" offset="85" sl="307" sc="17" el="307" ec="17" bec="0" bev="0" fileid="2" />
                <SequencePoint vc="0" uspid="7028" ordinal="0" offset="98" sl="308" sc="17" el="308" ec="17" bec="0" bev="0" fileid="2" />
                <SequencePoint vc="0" uspid="7029" ordinal="0" offset="111" sl="309" sc="17" el="309" ec="17" bec="0" bev="0" fileid="2" />
                <SequencePoint vc="0" uspid="7030" ordinal="0" offset="113" sl="311" sc="17" el="311" ec="17" bec="0" bev="0" fileid="2" />
                <SequencePoint vc="0" uspid="7031" ordinal="0" offset="126" sl="312" sc="17" el="312" ec="17" bec="0" bev="0" fileid="2" />
                <SequencePoint vc="0" uspid="7032" ordinal="0" offset="139" sl="313" sc="17" el="313" ec="17" bec="0" bev="0" fileid="2" />
                <SequencePoint vc="4" uspid="7033" ordinal="0" offset="141" sl="315" sc="9" el="315" ec="9" bec="0" bev="0" fileid="2" />
                <SequencePoint vc="4" uspid="7034" ordinal="0" offset="154" sl="316" sc="5" el="316" ec="5" bec="0" bev="0" fileid="2" />
              </SequencePoints>
              <BranchPoints />
            </Method>
            <Method visited="true" cyclomaticComplexity="0" nPathComplexity="0" sequenceCoverage="33.33" branchCoverage="0" crapScore="0" isConstructor="false" isStatic="false" isGetter="false" isSetter="false">
              <Summary numSequencePoints="15" visitedSequencePoints="5" numBranchPoints="0" visitedBranchPoints="0" sequenceCoverage="33.33" branchCoverage="0" maxCyclomaticComplexity="0" minCyclomaticComplexity="0" maxCrapScore="0" minCrapScore="0" visitedClasses="0" numClasses="0" visitedMethods="1" numMethods="1" />
              <MetadataToken>100663318</MetadataToken>
              <Name>System.Void RayCasterProperties::setHistogramImage(_Project.Ray_Caster.Scripts.Voxel_Grid.VoxelGrid/VoxelGridType)</Name>
              <FileRef uid="2" />
              <SequencePoints>
                <SequencePoint vc="4" uspid="7035" ordinal="0" offset="0" sl="323" sc="5" el="323" ec="5" bec="0" bev="0" fileid="2" />
                <SequencePoint vc="4" uspid="7036" ordinal="0" offset="1" sl="324" sc="9" el="324" ec="9" bec="0" bev="0" fileid="2" />
                <SequencePoint vc="0" uspid="7037" ordinal="0" offset="40" sl="327" sc="17" el="327" ec="17" bec="0" bev="0" fileid="2" />
                <SequencePoint vc="0" uspid="7038" ordinal="0" offset="63" sl="328" sc="17" el="328" ec="17" bec="0" bev="0" fileid="2" />
                <SequencePoint vc="0" uspid="7039" ordinal="0" offset="65" sl="330" sc="17" el="330" ec="17" bec="0" bev="0" fileid="2" />
                <SequencePoint vc="0" uspid="7040" ordinal="0" offset="88" sl="331" sc="17" el="331" ec="17" bec="0" bev="0" fileid="2" />
                <SequencePoint vc="4" uspid="7041" ordinal="0" offset="90" sl="333" sc="17" el="333" ec="17" bec="0" bev="0" fileid="2" />
                <SequencePoint vc="4" uspid="7042" ordinal="0" offset="113" sl="334" sc="17" el="334" ec="17" bec="0" bev="0" fileid="2" />
                <SequencePoint vc="0" uspid="7043" ordinal="0" offset="115" sl="336" sc="17" el="336" ec="17" bec="0" bev="0" fileid="2" />
                <SequencePoint vc="0" uspid="7044" ordinal="0" offset="138" sl="337" sc="17" el="337" ec="17" bec="0" bev="0" fileid="2" />
                <SequencePoint vc="0" uspid="7045" ordinal="0" offset="140" sl="339" sc="17" el="339" ec="17" bec="0" bev="0" fileid="2" />
                <SequencePoint vc="0" uspid="7046" ordinal="0" offset="163" sl="340" sc="17" el="340" ec="17" bec="0" bev="0" fileid="2" />
                <SequencePoint vc="0" uspid="7047" ordinal="0" offset="165" sl="342" sc="17" el="342" ec="17" bec="0" bev="0" fileid="2" />
                <SequencePoint vc="0" uspid="7048" ordinal="0" offset="188" sl="343" sc="17" el="343" ec="17" bec="0" bev="0" fileid="2" />
                <SequencePoint vc="4" uspid="7049" ordinal="0" offset="190" sl="346" sc="5" el="346" ec="5" bec="0" bev="0" fileid="2" />
              </SequencePoints>
              <BranchPoints />
            </Method>
            <Method visited="true" cyclomaticComplexity="0" nPathComplexity="0" sequenceCoverage="100.0" branchCoverage="0" crapScore="0" isConstructor="false" isStatic="false" isGetter="false" isSetter="false">
              <Summary numSequencePoints="1" visitedSequencePoints="1" numBranchPoints="0" visitedBranchPoints="0" sequenceCoverage="100.0" branchCoverage="0" maxCyclomaticComplexity="0" minCyclomaticComplexity="0" maxCrapScore="0" minCrapScore="0" visitedClasses="0" numClasses="0" visitedMethods="1" numMethods="1" />
              <MetadataToken>100663321</MetadataToken>
              <Name>System.Boolean RayCasterProperties::&lt;Show&gt;b__30_0(TMPro.TMP_Dropdown/OptionData)</Name>
              <FileRef uid="2" />
              <SequencePoints>
                <SequencePoint vc="12" uspid="7062" ordinal="0" offset="0" sl="103" sc="81" el="103" ec="81" bec="0" bev="0" fileid="2" />
              </SequencePoints>
              <BranchPoints />
            </Method>
            <Method visited="true" cyclomaticComplexity="0" nPathComplexity="0" sequenceCoverage="100.0" branchCoverage="0" crapScore="0" isConstructor="false" isStatic="false" isGetter="false" isSetter="false">
              <Summary numSequencePoints="1" visitedSequencePoints="1" numBranchPoints="0" visitedBranchPoints="0" sequenceCoverage="100.0" branchCoverage="0" maxCyclomaticComplexity="0" minCyclomaticComplexity="0" maxCrapScore="0" minCrapScore="0" visitedClasses="0" numClasses="0" visitedMethods="1" numMethods="1" />
              <MetadataToken>100663322</MetadataToken>
              <Name>System.Boolean RayCasterProperties::&lt;Show&gt;b__30_1(TMPro.TMP_Dropdown/OptionData)</Name>
              <FileRef uid="2" />
              <SequencePoints>
                <SequencePoint vc="4" uspid="7063" ordinal="0" offset="0" sl="104" sc="97" el="104" ec="97" bec="0" bev="0" fileid="2" />
              </SequencePoints>
              <BranchPoints />
            </Method>
            <Method visited="true" cyclomaticComplexity="0" nPathComplexity="0" sequenceCoverage="100.0" branchCoverage="0" crapScore="0" isConstructor="false" isStatic="false" isGetter="false" isSetter="false">
              <Summary numSequencePoints="4" visitedSequencePoints="4" numBranchPoints="0" visitedBranchPoints="0" sequenceCoverage="100.0" branchCoverage="0" maxCyclomaticComplexity="0" minCyclomaticComplexity="0" maxCrapScore="0" minCrapScore="0" visitedClasses="0" numClasses="0" visitedMethods="1" numMethods="1" />
              <MetadataToken>100663324</MetadataToken>
              <Name>System.Void RayCasterProperties::&lt;Awake&gt;b__31_2(System.Single)</Name>
              <FileRef uid="2" />
              <SequencePoints>
                <SequencePoint vc="4" uspid="7076" ordinal="0" offset="0" sl="142" sc="9" el="142" ec="9" bec="0" bev="0" fileid="2" />
                <SequencePoint vc="4" uspid="7077" ordinal="0" offset="1" sl="146" sc="13" el="146" ec="13" bec="0" bev="0" fileid="2" />
                <SequencePoint vc="4" uspid="7078" ordinal="0" offset="21" sl="147" sc="13" el="147" ec="13" bec="0" bev="0" fileid="2" />
                <SequencePoint vc="4" uspid="7079" ordinal="0" offset="51" sl="148" sc="9" el="148" ec="9" bec="0" bev="0" fileid="2" />
              </SequencePoints>
              <BranchPoints />
            </Method>
            <Method visited="true" cyclomaticComplexity="0" nPathComplexity="0" sequenceCoverage="100.0" branchCoverage="0" crapScore="0" isConstructor="false" isStatic="false" isGetter="false" isSetter="false">
              <Summary numSequencePoints="1" visitedSequencePoints="1" numBranchPoints="0" visitedBranchPoints="0" sequenceCoverage="100.0" branchCoverage="0" maxCyclomaticComplexity="0" minCyclomaticComplexity="0" maxCrapScore="0" minCrapScore="0" visitedClasses="0" numClasses="0" visitedMethods="1" numMethods="1" />
              <MetadataToken>100663325</MetadataToken>
              <Name>System.Void RayCasterProperties::&lt;Awake&gt;b__31_3(System.Int32)</Name>
              <FileRef uid="2" />
              <SequencePoints>
                <SequencePoint vc="4" uspid="7080" ordinal="0" offset="0" sl="149" sc="62" el="149" ec="62" bec="0" bev="0" fileid="2" />
              </SequencePoints>
              <BranchPoints />
            </Method>
            <Method visited="true" cyclomaticComplexity="0" nPathComplexity="0" sequenceCoverage="100.0" branchCoverage="0" crapScore="0" isConstructor="false" isStatic="false" isGetter="false" isSetter="false">
              <Summary numSequencePoints="4" visitedSequencePoints="4" numBranchPoints="0" visitedBranchPoints="0" sequenceCoverage="100.0" branchCoverage="0" maxCyclomaticComplexity="0" minCyclomaticComplexity="0" maxCrapScore="0" minCrapScore="0" visitedClasses="0" numClasses="0" visitedMethods="1" numMethods="1" />
              <MetadataToken>100663327</MetadataToken>
              <Name>System.Void RayCasterProperties::&lt;Awake&gt;b__31_5(System.Single)</Name>
              <FileRef uid="2" />
              <SequencePoints>
                <SequencePoint vc="4" uspid="7085" ordinal="0" offset="0" sl="156" sc="9" el="156" ec="9" bec="0" bev="0" fileid="2" />
                <SequencePoint vc="4" uspid="7086" ordinal="0" offset="1" sl="157" sc="13" el="157" ec="13" bec="0" bev="0" fileid="2" />
                <SequencePoint vc="4" uspid="7087" ordinal="0" offset="24" sl="158" sc="13" el="158" ec="13" bec="0" bev="0" fileid="2" />
                <SequencePoint vc="4" uspid="7088" ordinal="0" offset="37" sl="159" sc="9" el="159" ec="9" bec="0" bev="0" fileid="2" />
              </SequencePoints>
              <BranchPoints />
            </Method>
            <Method visited="true" cyclomaticComplexity="0" nPathComplexity="0" sequenceCoverage="100.0" branchCoverage="0" crapScore="0" isConstructor="false" isStatic="false" isGetter="false" isSetter="false">
              <Summary numSequencePoints="4" visitedSequencePoints="4" numBranchPoints="0" visitedBranchPoints="0" sequenceCoverage="100.0" branchCoverage="0" maxCyclomaticComplexity="0" minCyclomaticComplexity="0" maxCrapScore="0" minCrapScore="0" visitedClasses="0" numClasses="0" visitedMethods="1" numMethods="1" />
              <MetadataToken>100663328</MetadataToken>
              <Name>System.Void RayCasterProperties::&lt;Awake&gt;b__31_6(System.Single)</Name>
              <FileRef uid="2" />
              <SequencePoints>
                <SequencePoint vc="4" uspid="7089" ordinal="0" offset="0" sl="161" sc="9" el="161" ec="9" bec="0" bev="0" fileid="2" />
                <SequencePoint vc="4" uspid="7090" ordinal="0" offset="1" sl="162" sc="13" el="162" ec="13" bec="0" bev="0" fileid="2" />
                <SequencePoint vc="4" uspid="7091" ordinal="0" offset="24" sl="163" sc="13" el="163" ec="13" bec="0" bev="0" fileid="2" />
                <SequencePoint vc="4" uspid="7092" ordinal="0" offset="37" sl="164" sc="9" el="164" ec="9" bec="0" bev="0" fileid="2" />
              </SequencePoints>
              <BranchPoints />
            </Method>
            <Method visited="true" cyclomaticComplexity="0" nPathComplexity="0" sequenceCoverage="100.0" branchCoverage="0" crapScore="0" isConstructor="false" isStatic="false" isGetter="false" isSetter="false">
              <Summary numSequencePoints="1" visitedSequencePoints="1" numBranchPoints="0" visitedBranchPoints="0" sequenceCoverage="100.0" branchCoverage="0" maxCyclomaticComplexity="0" minCyclomaticComplexity="0" maxCrapScore="0" minCrapScore="0" visitedClasses="0" numClasses="0" visitedMethods="1" numMethods="1" />
              <MetadataToken>100663329</MetadataToken>
              <Name>System.Void RayCasterProperties::&lt;Awake&gt;b__31_7(System.Boolean)</Name>
              <FileRef uid="2" />
              <SequencePoints>
                <SequencePoint vc="4" uspid="7093" ordinal="0" offset="0" sl="165" sc="57" el="165" ec="57" bec="0" bev="0" fileid="2" />
              </SequencePoints>
              <BranchPoints />
            </Method>
            <Method visited="true" cyclomaticComplexity="0" nPathComplexity="0" sequenceCoverage="100.0" branchCoverage="0" crapScore="0" isConstructor="false" isStatic="false" isGetter="false" isSetter="false">
              <Summary numSequencePoints="1" visitedSequencePoints="1" numBranchPoints="0" visitedBranchPoints="0" sequenceCoverage="100.0" branchCoverage="0" maxCyclomaticComplexity="0" minCyclomaticComplexity="0" maxCrapScore="0" minCrapScore="0" visitedClasses="0" numClasses="0" visitedMethods="1" numMethods="1" />
              <MetadataToken>100663330</MetadataToken>
              <Name>System.Void RayCasterProperties::&lt;Awake&gt;b__31_8(System.Boolean)</Name>
              <FileRef uid="2" />
              <SequencePoints>
                <SequencePoint vc="4" uspid="7094" ordinal="0" offset="0" sl="166" sc="62" el="166" ec="62" bec="0" bev="0" fileid="2" />
              </SequencePoints>
              <BranchPoints />
            </Method>
          </Methods>
        </Class>
        <Class>
          <Summary numSequencePoints="5" visitedSequencePoints="5" numBranchPoints="0" visitedBranchPoints="0" sequenceCoverage="100.0" branchCoverage="0.0" maxCyclomaticComplexity="0" minCyclomaticComplexity="0" maxCrapScore="0" minCrapScore="0" visitedClasses="1" numClasses="1" visitedMethods="2" numMethods="2" />
          <FullName>DepthTexMaker</FullName>
          <Methods>
            <Method visited="true" cyclomaticComplexity="0" nPathComplexity="0" sequenceCoverage="100.0" branchCoverage="0" crapScore="0" isConstructor="false" isStatic="false" isGetter="false" isSetter="false">
              <Summary numSequencePoints="3" visitedSequencePoints="3" numBranchPoints="0" visitedBranchPoints="0" sequenceCoverage="100.0" branchCoverage="0" maxCyclomaticComplexity="0" minCyclomaticComplexity="0" maxCrapScore="0" minCrapScore="0" visitedClasses="0" numClasses="0" visitedMethods="1" numMethods="1" />
              <MetadataToken>100663342</MetadataToken>
              <Name>System.Void DepthTexMaker::Start()</Name>
              <FileRef uid="3" />
              <SequencePoints>
                <SequencePoint vc="4" uspid="7106" ordinal="0" offset="0" sl="14" sc="5" el="14" ec="5" bec="0" bev="0" fileid="3" />
                <SequencePoint vc="4" uspid="7107" ordinal="0" offset="1" sl="15" sc="9" el="15" ec="9" bec="0" bev="0" fileid="3" />
                <SequencePoint vc="4" uspid="7108" ordinal="0" offset="20" sl="16" sc="5" el="16" ec="5" bec="0" bev="0" fileid="3" />
              </SequencePoints>
              <BranchPoints />
            </Method>
            <Method visited="true" cyclomaticComplexity="0" nPathComplexity="0" sequenceCoverage="100.0" branchCoverage="0" crapScore="0" isConstructor="false" isStatic="false" isGetter="false" isSetter="false">
              <Summary numSequencePoints="2" visitedSequencePoints="2" numBranchPoints="0" visitedBranchPoints="0" sequenceCoverage="100.0" branchCoverage="0" maxCyclomaticComplexity="0" minCyclomaticComplexity="0" maxCrapScore="0" minCrapScore="0" visitedClasses="0" numClasses="0" visitedMethods="1" numMethods="1" />
              <MetadataToken>100663343</MetadataToken>
              <Name>System.Void DepthTexMaker::Update()</Name>
              <FileRef uid="3" />
              <SequencePoints>
                <SequencePoint vc="102" uspid="7109" ordinal="0" offset="0" sl="20" sc="5" el="20" ec="5" bec="0" bev="0" fileid="3" />
                <SequencePoint vc="102" uspid="7110" ordinal="0" offset="1" sl="22" sc="5" el="22" ec="5" bec="0" bev="0" fileid="3" />
              </SequencePoints>
              <BranchPoints />
            </Method>
          </Methods>
        </Class>
        <Class>
          <Summary numSequencePoints="21" visitedSequencePoints="14" numBranchPoints="0" visitedBranchPoints="0" sequenceCoverage="66.67" branchCoverage="0.0" maxCyclomaticComplexity="0" minCyclomaticComplexity="0" maxCrapScore="0" minCrapScore="0" visitedClasses="1" numClasses="1" visitedMethods="3" numMethods="3" />
          <FullName>BadgeNotification</FullName>
          <Methods>
            <Method visited="true" cyclomaticComplexity="0" nPathComplexity="0" sequenceCoverage="58.82" branchCoverage="0" crapScore="0" isConstructor="false" isStatic="false" isGetter="false" isSetter="false">
              <Summary numSequencePoints="17" visitedSequencePoints="10" numBranchPoints="0" visitedBranchPoints="0" sequenceCoverage="58.82" branchCoverage="0" maxCyclomaticComplexity="0" minCyclomaticComplexity="0" maxCrapScore="0" minCrapScore="0" visitedClasses="0" numClasses="0" visitedMethods="1" numMethods="1" />
              <MetadataToken>100663353</MetadataToken>
              <Name>System.Void BadgeNotification::Update()</Name>
              <FileRef uid="6" />
              <SequencePoints>
                <SequencePoint vc="102" uspid="7163" ordinal="0" offset="0" sl="30" sc="5" el="30" ec="5" bec="0" bev="0" fileid="6" />
                <SequencePoint vc="102" uspid="7164" ordinal="0" offset="1" sl="31" sc="9" el="31" ec="9" bec="0" bev="0" fileid="6" />
                <SequencePoint vc="0" uspid="7165" ordinal="0" offset="11" sl="32" sc="13" el="32" ec="13" bec="0" bev="0" fileid="6" />
                <SequencePoint vc="102" uspid="7166" ordinal="0" offset="13" sl="34" sc="9" el="34" ec="9" bec="0" bev="0" fileid="6" />
                <SequencePoint vc="102" uspid="7167" ordinal="0" offset="14" sl="34" sc="29" el="34" ec="29" bec="0" bev="0" fileid="6" />
                <SequencePoint vc="714" uspid="7168" ordinal="0" offset="28" sl="34" sc="18" el="34" ec="18" bec="0" bev="0" fileid="6" />
                <SequencePoint vc="714" uspid="7169" ordinal="0" offset="36" sl="35" sc="9" el="35" ec="9" bec="0" bev="0" fileid="6" />
                <SequencePoint vc="714" uspid="7170" ordinal="0" offset="37" sl="36" sc="13" el="36" ec="13" bec="0" bev="0" fileid="6" />
                <SequencePoint vc="0" uspid="7171" ordinal="0" offset="47" sl="37" sc="13" el="37" ec="13" bec="0" bev="0" fileid="6" />
                <SequencePoint vc="0" uspid="7172" ordinal="0" offset="48" sl="38" sc="17" el="38" ec="17" bec="0" bev="0" fileid="6" />
                <SequencePoint vc="0" uspid="7173" ordinal="0" offset="66" sl="39" sc="17" el="39" ec="17" bec="0" bev="0" fileid="6" />
                <SequencePoint vc="0" uspid="7174" ordinal="0" offset="74" sl="40" sc="17" el="40" ec="17" bec="0" bev="0" fileid="6" />
                <SequencePoint vc="0" uspid="7175" ordinal="0" offset="87" sl="41" sc="17" el="41" ec="17" bec="0" bev="0" fileid="6" />
                <SequencePoint vc="0" uspid="7176" ordinal="0" offset="104" sl="42" sc="17" el="42" ec="17" bec="0" bev="0" fileid="6" />
                <SequencePoint vc="714" uspid="7177" ordinal="0" offset="106" sl="44" sc="9" el="44" ec="9" bec="0" bev="0" fileid="6" />
                <SequencePoint vc="816" uspid="7178" ordinal="0" offset="107" sl="34" sc="26" el="34" ec="26" bec="0" bev="0" fileid="6" />
                <SequencePoint vc="102" uspid="7179" ordinal="0" offset="133" sl="46" sc="5" el="46" ec="5" bec="0" bev="0" fileid="6" />
              </SequencePoints>
              <BranchPoints />
            </Method>
            <Method visited="true" cyclomaticComplexity="0" nPathComplexity="0" sequenceCoverage="100.0" branchCoverage="0" crapScore="0" isConstructor="false" isStatic="false" isGetter="false" isSetter="false">
              <Summary numSequencePoints="3" visitedSequencePoints="3" numBranchPoints="0" visitedBranchPoints="0" sequenceCoverage="100.0" branchCoverage="0" maxCyclomaticComplexity="0" minCyclomaticComplexity="0" maxCrapScore="0" minCrapScore="0" visitedClasses="0" numClasses="0" visitedMethods="1" numMethods="1" />
              <MetadataToken>100663354</MetadataToken>
              <Name>System.Void BadgeNotification::Start()</Name>
              <FileRef uid="6" />
              <SequencePoints>
                <SequencePoint vc="4" uspid="7180" ordinal="0" offset="0" sl="52" sc="5" el="52" ec="5" bec="0" bev="0" fileid="6" />
                <SequencePoint vc="4" uspid="7181" ordinal="0" offset="1" sl="53" sc="9" el="53" ec="9" bec="0" bev="0" fileid="6" />
                <SequencePoint vc="4" uspid="7182" ordinal="0" offset="17" sl="54" sc="5" el="54" ec="5" bec="0" bev="0" fileid="6" />
              </SequencePoints>
              <BranchPoints />
            </Method>
            <Method visited="true" cyclomaticComplexity="0" nPathComplexity="0" sequenceCoverage="100.0" branchCoverage="0" crapScore="0" isConstructor="true" isStatic="false" isGetter="false" isSetter="false">
              <Summary numSequencePoints="1" visitedSequencePoints="1" numBranchPoints="0" visitedBranchPoints="0" sequenceCoverage="100.0" branchCoverage="0" maxCyclomaticComplexity="0" minCyclomaticComplexity="0" maxCrapScore="0" minCrapScore="0" visitedClasses="0" numClasses="0" visitedMethods="1" numMethods="1" />
              <MetadataToken>100663355</MetadataToken>
              <Name>BadgeNotification::BadgeNotification()</Name>
              <FileRef uid="6" />
              <SequencePoints>
                <SequencePoint vc="8" uspid="7183" ordinal="0" offset="0" sl="21" sc="5" el="21" ec="5" bec="0" bev="0" fileid="6" />
              </SequencePoints>
              <BranchPoints />
            </Method>
          </Methods>
        </Class>
        <Class>
          <Summary numSequencePoints="14" visitedSequencePoints="13" numBranchPoints="0" visitedBranchPoints="0" sequenceCoverage="92.86" branchCoverage="0.0" maxCyclomaticComplexity="0" minCyclomaticComplexity="0" maxCrapScore="0" minCrapScore="0" visitedClasses="1" numClasses="1" visitedMethods="3" numMethods="3" />
          <FullName>Badge</FullName>
          <Methods>
            <Method visited="true" cyclomaticComplexity="0" nPathComplexity="0" sequenceCoverage="87.50" branchCoverage="0" crapScore="0" isConstructor="false" isStatic="false" isGetter="true" isSetter="false">
              <Summary numSequencePoints="8" visitedSequencePoints="7" numBranchPoints="0" visitedBranchPoints="0" sequenceCoverage="87.50" branchCoverage="0" maxCyclomaticComplexity="0" minCyclomaticComplexity="0" maxCrapScore="0" minCrapScore="0" visitedClasses="0" numClasses="0" visitedMethods="1" numMethods="1" />
              <MetadataToken>100663359</MetadataToken>
              <Name>System.Int32 Badge::get_ActionAmount()</Name>
              <FileRef uid="7" />
              <SequencePoints>
                <SequencePoint vc="714" uspid="7193" ordinal="0" offset="0" sl="52" sc="9" el="52" ec="9" bec="0" bev="0" fileid="7" />
                <SequencePoint vc="714" uspid="7194" ordinal="0" offset="1" sl="53" sc="13" el="53" ec="13" bec="0" bev="0" fileid="7" />
                <SequencePoint vc="204" uspid="7195" ordinal="0" offset="34" sl="56" sc="21" el="56" ec="21" bec="0" bev="0" fileid="7" />
                <SequencePoint vc="204" uspid="7196" ordinal="0" offset="42" sl="58" sc="21" el="58" ec="21" bec="0" bev="0" fileid="7" />
                <SequencePoint vc="204" uspid="7197" ordinal="0" offset="54" sl="60" sc="21" el="60" ec="21" bec="0" bev="0" fileid="7" />
                <SequencePoint vc="102" uspid="7198" ordinal="0" offset="62" sl="62" sc="21" el="62" ec="21" bec="0" bev="0" fileid="7" />
                <SequencePoint vc="0" uspid="7199" ordinal="0" offset="70" sl="64" sc="13" el="64" ec="13" bec="0" bev="0" fileid="7" />
                <SequencePoint vc="714" uspid="7200" ordinal="0" offset="74" sl="65" sc="9" el="65" ec="9" bec="0" bev="0" fileid="7" />
              </SequencePoints>
              <BranchPoints />
            </Method>
            <Method visited="true" cyclomaticComplexity="0" nPathComplexity="0" sequenceCoverage="100.0" branchCoverage="0" crapScore="0" isConstructor="false" isStatic="false" isGetter="true" isSetter="false">
              <Summary numSequencePoints="3" visitedSequencePoints="3" numBranchPoints="0" visitedBranchPoints="0" sequenceCoverage="100.0" branchCoverage="0" maxCyclomaticComplexity="0" minCyclomaticComplexity="0" maxCrapScore="0" minCrapScore="0" visitedClasses="0" numClasses="0" visitedMethods="1" numMethods="1" />
              <MetadataToken>100663360</MetadataToken>
              <Name>System.Int32 Badge::get_ActionTotal()</Name>
              <FileRef uid="7" />
              <SequencePoints>
                <SequencePoint vc="714" uspid="7201" ordinal="0" offset="0" sl="75" sc="13" el="75" ec="13" bec="0" bev="0" fileid="7" />
                <SequencePoint vc="714" uspid="7202" ordinal="0" offset="1" sl="75" sc="15" el="75" ec="15" bec="0" bev="0" fileid="7" />
                <SequencePoint vc="714" uspid="7203" ordinal="0" offset="10" sl="75" sc="35" el="75" ec="35" bec="0" bev="0" fileid="7" />
              </SequencePoints>
              <BranchPoints />
            </Method>
            <Method visited="true" cyclomaticComplexity="0" nPathComplexity="0" sequenceCoverage="100.0" branchCoverage="0" crapScore="0" isConstructor="false" isStatic="false" isGetter="false" isSetter="false">
              <Summary numSequencePoints="3" visitedSequencePoints="3" numBranchPoints="0" visitedBranchPoints="0" sequenceCoverage="100.0" branchCoverage="0" maxCyclomaticComplexity="0" minCyclomaticComplexity="0" maxCrapScore="0" minCrapScore="0" visitedClasses="0" numClasses="0" visitedMethods="1" numMethods="1" />
              <MetadataToken>100663363</MetadataToken>
              <Name>System.Boolean Badge::ShowNotification()</Name>
              <FileRef uid="7" />
              <SequencePoints>
                <SequencePoint vc="714" uspid="7210" ordinal="0" offset="0" sl="94" sc="5" el="94" ec="5" bec="0" bev="0" fileid="7" />
                <SequencePoint vc="714" uspid="7211" ordinal="0" offset="1" sl="95" sc="9" el="95" ec="9" bec="0" bev="0" fileid="7" />
                <SequencePoint vc="714" uspid="7212" ordinal="0" offset="32" sl="96" sc="5" el="96" ec="5" bec="0" bev="0" fileid="7" />
              </SequencePoints>
              <BranchPoints />
            </Method>
          </Methods>
        </Class>
        <Class>
          <Summary numSequencePoints="1" visitedSequencePoints="1" numBranchPoints="0" visitedBranchPoints="0" sequenceCoverage="100.0" branchCoverage="0.0" maxCyclomaticComplexity="0" minCyclomaticComplexity="0" maxCrapScore="0" minCrapScore="0" visitedClasses="1" numClasses="1" visitedMethods="1" numMethods="1" />
          <FullName>BadgesPanel</FullName>
          <Methods>
            <Method visited="true" cyclomaticComplexity="0" nPathComplexity="0" sequenceCoverage="100.0" branchCoverage="0" crapScore="0" isConstructor="true" isStatic="false" isGetter="false" isSetter="false">
              <Summary numSequencePoints="1" visitedSequencePoints="1" numBranchPoints="0" visitedBranchPoints="0" sequenceCoverage="100.0" branchCoverage="0" maxCyclomaticComplexity="0" minCyclomaticComplexity="0" maxCrapScore="0" minCrapScore="0" visitedClasses="0" numClasses="0" visitedMethods="1" numMethods="1" />
              <MetadataToken>100663371</MetadataToken>
              <Name>BadgesPanel::BadgesPanel()</Name>
              <FileRef uid="9" />
              <SequencePoints>
                <SequencePoint vc="8" uspid="7265" ordinal="0" offset="0" sl="18" sc="5" el="18" ec="5" bec="0" bev="0" fileid="9" />
              </SequencePoints>
              <BranchPoints />
            </Method>
          </Methods>
        </Class>
        <Class>
          <Summary numSequencePoints="4" visitedSequencePoints="4" numBranchPoints="0" visitedBranchPoints="0" sequenceCoverage="100.0" branchCoverage="0.0" maxCyclomaticComplexity="0" minCyclomaticComplexity="0" maxCrapScore="0" minCrapScore="0" visitedClasses="1" numClasses="1" visitedMethods="2" numMethods="2" />
          <FullName>SceneLoader</FullName>
          <Methods>
            <Method visited="true" cyclomaticComplexity="0" nPathComplexity="0" sequenceCoverage="100.0" branchCoverage="0" crapScore="0" isConstructor="false" isStatic="false" isGetter="false" isSetter="false">
              <Summary numSequencePoints="3" visitedSequencePoints="3" numBranchPoints="0" visitedBranchPoints="0" sequenceCoverage="100.0" branchCoverage="0" maxCyclomaticComplexity="0" minCyclomaticComplexity="0" maxCrapScore="0" minCrapScore="0" visitedClasses="0" numClasses="0" visitedMethods="1" numMethods="1" />
              <MetadataToken>100663375</MetadataToken>
              <Name>System.Void SceneLoader::Awake()</Name>
              <FileRef uid="10" />
              <SequencePoints>
                <SequencePoint vc="4" uspid="7272" ordinal="0" offset="0" sl="41" sc="5" el="41" ec="5" bec="0" bev="0" fileid="10" />
                <SequencePoint vc="4" uspid="7273" ordinal="0" offset="1" sl="42" sc="9" el="42" ec="9" bec="0" bev="0" fileid="10" />
                <SequencePoint vc="4" uspid="7274" ordinal="0" offset="7" sl="43" sc="5" el="43" ec="5" bec="0" bev="0" fileid="10" />
              </SequencePoints>
              <BranchPoints />
            </Method>
            <Method visited="true" cyclomaticComplexity="0" nPathComplexity="0" sequenceCoverage="100.0" branchCoverage="0" crapScore="0" isConstructor="true" isStatic="false" isGetter="false" isSetter="false">
              <Summary numSequencePoints="1" visitedSequencePoints="1" numBranchPoints="0" visitedBranchPoints="0" sequenceCoverage="100.0" branchCoverage="0" maxCyclomaticComplexity="0" minCyclomaticComplexity="0" maxCrapScore="0" minCrapScore="0" visitedClasses="0" numClasses="0" visitedMethods="1" numMethods="1" />
              <MetadataToken>100663376</MetadataToken>
              <Name>SceneLoader::SceneLoader()</Name>
              <FileRef uid="10" />
              <SequencePoints>
                <SequencePoint vc="8" uspid="7275" ordinal="0" offset="0" sl="16" sc="5" el="16" ec="5" bec="0" bev="0" fileid="10" />
              </SequencePoints>
              <BranchPoints />
            </Method>
          </Methods>
        </Class>
        <Class>
          <Summary numSequencePoints="3" visitedSequencePoints="3" numBranchPoints="0" visitedBranchPoints="0" sequenceCoverage="100.0" branchCoverage="0.0" maxCyclomaticComplexity="0" minCyclomaticComplexity="0" maxCrapScore="0" minCrapScore="0" visitedClasses="1" numClasses="1" visitedMethods="1" numMethods="1" />
          <FullName>_Project.UI.Scripts.FPSCounter</FullName>
          <Methods>
            <Method visited="true" cyclomaticComplexity="0" nPathComplexity="0" sequenceCoverage="100.0" branchCoverage="0" crapScore="0" isConstructor="true" isStatic="false" isGetter="false" isSetter="false">
              <Summary numSequencePoints="3" visitedSequencePoints="3" numBranchPoints="0" visitedBranchPoints="0" sequenceCoverage="100.0" branchCoverage="0" maxCyclomaticComplexity="0" minCyclomaticComplexity="0" maxCrapScore="0" minCrapScore="0" visitedClasses="0" numClasses="0" visitedMethods="1" numMethods="1" />
              <MetadataToken>100663381</MetadataToken>
              <Name>_Project.UI.Scripts.FPSCounter::FPSCounter()</Name>
              <FileRef uid="11" />
              <SequencePoints>
                <SequencePoint vc="8" uspid="7288" ordinal="0" offset="0" sl="13" sc="9" el="13" ec="9" bec="0" bev="0" fileid="11" />
                <SequencePoint vc="8" uspid="7289" ordinal="0" offset="11" sl="16" sc="9" el="16" ec="9" bec="0" bev="0" fileid="11" />
                <SequencePoint vc="8" uspid="7290" ordinal="0" offset="22" sl="17" sc="9" el="17" ec="9" bec="0" bev="0" fileid="11" />
              </SequencePoints>
              <BranchPoints />
            </Method>
          </Methods>
        </Class>
        <Class>
          <Summary numSequencePoints="2" visitedSequencePoints="2" numBranchPoints="0" visitedBranchPoints="0" sequenceCoverage="100.0" branchCoverage="0.0" maxCyclomaticComplexity="0" minCyclomaticComplexity="0" maxCrapScore="0" minCrapScore="0" visitedClasses="1" numClasses="1" visitedMethods="1" numMethods="1" />
          <FullName>_Project.UI.Scripts.IntroductionPanel</FullName>
          <Methods>
            <Method visited="true" cyclomaticComplexity="0" nPathComplexity="0" sequenceCoverage="100.0" branchCoverage="0" crapScore="0" isConstructor="false" isStatic="false" isGetter="false" isSetter="false">
              <Summary numSequencePoints="2" visitedSequencePoints="2" numBranchPoints="0" visitedBranchPoints="0" sequenceCoverage="100.0" branchCoverage="0" maxCyclomaticComplexity="0" minCyclomaticComplexity="0" maxCrapScore="0" minCrapScore="0" visitedClasses="0" numClasses="0" visitedMethods="1" numMethods="1" />
              <MetadataToken>100663382</MetadataToken>
              <Name>System.Void _Project.UI.Scripts.IntroductionPanel::Show()</Name>
              <FileRef uid="12" />
              <SequencePoints>
                <SequencePoint vc="4" uspid="7291" ordinal="0" offset="0" sl="21" sc="9" el="21" ec="9" bec="0" bev="0" fileid="12" />
                <SequencePoint vc="4" uspid="7292" ordinal="0" offset="1" sl="33" sc="9" el="33" ec="9" bec="0" bev="0" fileid="12" />
              </SequencePoints>
              <BranchPoints />
            </Method>
          </Methods>
        </Class>
        <Class>
          <Summary numSequencePoints="59" visitedSequencePoints="25" numBranchPoints="0" visitedBranchPoints="0" sequenceCoverage="42.37" branchCoverage="0.0" maxCyclomaticComplexity="0" minCyclomaticComplexity="0" maxCrapScore="0" minCrapScore="0" visitedClasses="1" numClasses="1" visitedMethods="7" numMethods="7" />
          <FullName>_Project.UI.Scripts.RenderPreview</FullName>
          <Methods>
            <Method visited="true" cyclomaticComplexity="0" nPathComplexity="0" sequenceCoverage="100.0" branchCoverage="0" crapScore="0" isConstructor="false" isStatic="false" isGetter="true" isSetter="false">
              <Summary numSequencePoints="1" visitedSequencePoints="1" numBranchPoints="0" visitedBranchPoints="0" sequenceCoverage="100.0" branchCoverage="0" maxCyclomaticComplexity="0" minCyclomaticComplexity="0" maxCrapScore="0" minCrapScore="0" visitedClasses="0" numClasses="0" visitedMethods="1" numMethods="1" />
              <MetadataToken>100663388</MetadataToken>
              <Name>System.Boolean _Project.UI.Scripts.RenderPreview::get_PreviewWindowHovered()</Name>
              <FileRef uid="13" />
              <SequencePoints>
                <SequencePoint vc="102" uspid="7308" ordinal="0" offset="0" sl="52" sc="44" el="52" ec="44" bec="0" bev="0" fileid="13" />
              </SequencePoints>
              <BranchPoints />
            </Method>
            <Method visited="true" cyclomaticComplexity="0" nPathComplexity="0" sequenceCoverage="100.0" branchCoverage="0" crapScore="0" isConstructor="false" isStatic="false" isGetter="true" isSetter="false">
              <Summary numSequencePoints="1" visitedSequencePoints="1" numBranchPoints="0" visitedBranchPoints="0" sequenceCoverage="100.0" branchCoverage="0" maxCyclomaticComplexity="0" minCyclomaticComplexity="0" maxCrapScore="0" minCrapScore="0" visitedClasses="0" numClasses="0" visitedMethods="1" numMethods="1" />
              <MetadataToken>100663390</MetadataToken>
              <Name>System.Boolean _Project.UI.Scripts.RenderPreview::get_ImageHovered()</Name>
              <FileRef uid="13" />
              <SequencePoints>
                <SequencePoint vc="102" uspid="7310" ordinal="0" offset="0" sl="53" sc="36" el="53" ec="36" bec="0" bev="0" fileid="13" />
              </SequencePoints>
              <BranchPoints />
            </Method>
            <Method visited="true" cyclomaticComplexity="0" nPathComplexity="0" sequenceCoverage="75.00" branchCoverage="0" crapScore="0" isConstructor="false" isStatic="false" isGetter="false" isSetter="false">
              <Summary numSequencePoints="4" visitedSequencePoints="3" numBranchPoints="0" visitedBranchPoints="0" sequenceCoverage="75.00" branchCoverage="0" maxCyclomaticComplexity="0" minCyclomaticComplexity="0" maxCrapScore="0" minCrapScore="0" visitedClasses="0" numClasses="0" visitedMethods="1" numMethods="1" />
              <MetadataToken>100663395</MetadataToken>
              <Name>System.Void _Project.UI.Scripts.RenderPreview::OnDisable()</Name>
              <FileRef uid="13" />
              <SequencePoints>
                <SequencePoint vc="3" uspid="7360" ordinal="0" offset="0" sl="126" sc="9" el="126" ec="9" bec="0" bev="0" fileid="13" />
                <SequencePoint vc="3" uspid="7361" ordinal="0" offset="1" sl="127" sc="13" el="127" ec="13" bec="0" bev="0" fileid="13" />
                <SequencePoint vc="0" uspid="7362" ordinal="0" offset="11" sl="128" sc="17" el="128" ec="17" bec="0" bev="0" fileid="13" />
                <SequencePoint vc="3" uspid="7363" ordinal="0" offset="18" sl="129" sc="9" el="129" ec="9" bec="0" bev="0" fileid="13" />
              </SequencePoints>
              <BranchPoints />
            </Method>
            <Method visited="true" cyclomaticComplexity="0" nPathComplexity="0" sequenceCoverage="100.0" branchCoverage="0" crapScore="0" isConstructor="false" isStatic="false" isGetter="false" isSetter="false">
              <Summary numSequencePoints="3" visitedSequencePoints="3" numBranchPoints="0" visitedBranchPoints="0" sequenceCoverage="100.0" branchCoverage="0" maxCyclomaticComplexity="0" minCyclomaticComplexity="0" maxCrapScore="0" minCrapScore="0" visitedClasses="0" numClasses="0" visitedMethods="1" numMethods="1" />
              <MetadataToken>100663396</MetadataToken>
              <Name>System.Void _Project.UI.Scripts.RenderPreview::Awake()</Name>
              <FileRef uid="13" />
              <SequencePoints>
                <SequencePoint vc="4" uspid="7364" ordinal="0" offset="0" sl="132" sc="9" el="132" ec="9" bec="0" bev="0" fileid="13" />
                <SequencePoint vc="4" uspid="7365" ordinal="0" offset="1" sl="133" sc="13" el="133" ec="13" bec="0" bev="0" fileid="13" />
                <SequencePoint vc="4" uspid="7366" ordinal="0" offset="30" sl="134" sc="9" el="134" ec="9" bec="0" bev="0" fileid="13" />
              </SequencePoints>
              <BranchPoints />
            </Method>
            <Method visited="true" cyclomaticComplexity="0" nPathComplexity="0" sequenceCoverage="100.0" branchCoverage="0" crapScore="0" isConstructor="false" isStatic="false" isGetter="false" isSetter="false">
              <Summary numSequencePoints="9" visitedSequencePoints="9" numBranchPoints="0" visitedBranchPoints="0" sequenceCoverage="100.0" branchCoverage="0" maxCyclomaticComplexity="0" minCyclomaticComplexity="0" maxCrapScore="0" minCrapScore="0" visitedClasses="0" numClasses="0" visitedMethods="1" numMethods="1" />
              <MetadataToken>100663397</MetadataToken>
              <Name>System.Void _Project.UI.Scripts.RenderPreview::Start()</Name>
              <FileRef uid="13" />
              <SequencePoints>
                <SequencePoint vc="4" uspid="7367" ordinal="0" offset="0" sl="137" sc="9" el="137" ec="9" bec="0" bev="0" fileid="13" />
                <SequencePoint vc="4" uspid="7368" ordinal="0" offset="1" sl="138" sc="13" el="138" ec="13" bec="0" bev="0" fileid="13" />
                <SequencePoint vc="4" uspid="7369" ordinal="0" offset="17" sl="139" sc="13" el="139" ec="13" bec="0" bev="0" fileid="13" />
                <SequencePoint vc="4" uspid="7370" ordinal="0" offset="41" sl="140" sc="13" el="140" ec="13" bec="0" bev="0" fileid="13" />
                <SequencePoint vc="4" uspid="7371" ordinal="0" offset="65" sl="142" sc="13" el="142" ec="13" bec="0" bev="0" fileid="13" />
                <SequencePoint vc="4" uspid="7372" ordinal="0" offset="76" sl="144" sc="13" el="144" ec="13" bec="0" bev="0" fileid="13" />
                <SequencePoint vc="4" uspid="7373" ordinal="0" offset="88" sl="146" sc="13" el="146" ec="13" bec="0" bev="0" fileid="13" />
                <SequencePoint vc="4" uspid="7374" ordinal="0" offset="101" sl="147" sc="13" el="147" ec="13" bec="0" bev="0" fileid="13" />
                <SequencePoint vc="4" uspid="7375" ordinal="0" offset="114" sl="148" sc="9" el="148" ec="9" bec="0" bev="0" fileid="13" />
              </SequencePoints>
              <BranchPoints />
            </Method>
            <Method visited="true" cyclomaticComplexity="0" nPathComplexity="0" sequenceCoverage="17.50" branchCoverage="0" crapScore="0" isConstructor="false" isStatic="false" isGetter="false" isSetter="false">
              <Summary numSequencePoints="40" visitedSequencePoints="7" numBranchPoints="0" visitedBranchPoints="0" sequenceCoverage="17.50" branchCoverage="0" maxCyclomaticComplexity="0" minCyclomaticComplexity="0" maxCrapScore="0" minCrapScore="0" visitedClasses="0" numClasses="0" visitedMethods="1" numMethods="1" />
              <MetadataToken>100663398</MetadataToken>
              <Name>System.Void _Project.UI.Scripts.RenderPreview::Update()</Name>
              <FileRef uid="13" />
              <SequencePoints>
                <SequencePoint vc="102" uspid="7376" ordinal="0" offset="0" sl="151" sc="9" el="151" ec="9" bec="0" bev="0" fileid="13" />
                <SequencePoint vc="102" uspid="7377" ordinal="0" offset="1" sl="152" sc="13" el="152" ec="13" bec="0" bev="0" fileid="13" />
                <SequencePoint vc="0" uspid="7378" ordinal="0" offset="30" sl="152" sc="83" el="152" ec="83" bec="0" bev="0" fileid="13" />
                <SequencePoint vc="102" uspid="7379" ordinal="0" offset="37" sl="154" sc="13" el="154" ec="13" bec="0" bev="0" fileid="13" />
                <SequencePoint vc="0" uspid="7380" ordinal="0" offset="50" sl="155" sc="13" el="155" ec="13" bec="0" bev="0" fileid="13" />
                <SequencePoint vc="0" uspid="7381" ordinal="0" offset="51" sl="157" sc="17" el="157" ec="17" bec="0" bev="0" fileid="13" />
                <SequencePoint vc="0" uspid="7382" ordinal="0" offset="78" sl="159" sc="17" el="159" ec="17" bec="0" bev="0" fileid="13" />
                <SequencePoint vc="0" uspid="7383" ordinal="0" offset="99" sl="163" sc="17" el="163" ec="17" bec="0" bev="0" fileid="13" />
                <SequencePoint vc="0" uspid="7384" ordinal="0" offset="141" sl="164" sc="17" el="164" ec="17" bec="0" bev="0" fileid="13" />
                <SequencePoint vc="0" uspid="7385" ordinal="0" offset="183" sl="167" sc="17" el="167" ec="17" bec="0" bev="0" fileid="13" />
                <SequencePoint vc="0" uspid="7386" ordinal="0" offset="203" sl="168" sc="17" el="168" ec="17" bec="0" bev="0" fileid="13" />
                <SequencePoint vc="0" uspid="7387" ordinal="0" offset="223" sl="169" sc="17" el="169" ec="17" bec="0" bev="0" fileid="13" />
                <SequencePoint vc="0" uspid="7388" ordinal="0" offset="238" sl="172" sc="17" el="172" ec="17" bec="0" bev="0" fileid="13" />
                <SequencePoint vc="0" uspid="7389" ordinal="0" offset="263" sl="173" sc="17" el="173" ec="17" bec="0" bev="0" fileid="13" />
                <SequencePoint vc="0" uspid="7390" ordinal="0" offset="288" sl="174" sc="17" el="174" ec="17" bec="0" bev="0" fileid="13" />
                <SequencePoint vc="0" uspid="7391" ordinal="0" offset="299" sl="177" sc="17" el="177" ec="17" bec="0" bev="0" fileid="13" />
                <SequencePoint vc="0" uspid="7392" ordinal="0" offset="341" sl="178" sc="17" el="178" ec="17" bec="0" bev="0" fileid="13" />
                <SequencePoint vc="0" uspid="7393" ordinal="0" offset="383" sl="179" sc="17" el="179" ec="17" bec="0" bev="0" fileid="13" />
                <SequencePoint vc="0" uspid="7394" ordinal="0" offset="402" sl="181" sc="17" el="181" ec="17" bec="0" bev="0" fileid="13" />
                <SequencePoint vc="0" uspid="7395" ordinal="0" offset="415" sl="184" sc="17" el="184" ec="17" bec="0" bev="0" fileid="13" />
                <SequencePoint vc="0" uspid="7396" ordinal="0" offset="430" sl="185" sc="17" el="185" ec="17" bec="0" bev="0" fileid="13" />
                <SequencePoint vc="0" uspid="7397" ordinal="0" offset="431" sl="187" sc="21" el="187" ec="21" bec="0" bev="0" fileid="13" />
                <SequencePoint vc="0" uspid="7398" ordinal="0" offset="470" sl="188" sc="21" el="188" ec="21" bec="0" bev="0" fileid="13" />
                <SequencePoint vc="0" uspid="7399" ordinal="0" offset="471" sl="189" sc="25" el="189" ec="25" bec="0" bev="0" fileid="13" />
                <SequencePoint vc="0" uspid="7400" ordinal="0" offset="484" sl="190" sc="25" el="190" ec="25" bec="0" bev="0" fileid="13" />
                <SequencePoint vc="0" uspid="7401" ordinal="0" offset="496" sl="191" sc="25" el="191" ec="25" bec="0" bev="0" fileid="13" />
                <SequencePoint vc="0" uspid="7402" ordinal="0" offset="514" sl="192" sc="21" el="192" ec="21" bec="0" bev="0" fileid="13" />
                <SequencePoint vc="0" uspid="7403" ordinal="0" offset="517" sl="195" sc="21" el="195" ec="21" bec="0" bev="0" fileid="13" />
                <SequencePoint vc="0" uspid="7404" ordinal="0" offset="518" sl="196" sc="25" el="196" ec="25" bec="0" bev="0" fileid="13" />
                <SequencePoint vc="0" uspid="7405" ordinal="0" offset="530" sl="197" sc="25" el="197" ec="25" bec="0" bev="0" fileid="13" />
                <SequencePoint vc="0" uspid="7406" ordinal="0" offset="549" sl="198" sc="25" el="198" ec="25" bec="0" bev="0" fileid="13" />
                <SequencePoint vc="0" uspid="7407" ordinal="0" offset="562" sl="199" sc="25" el="199" ec="25" bec="0" bev="0" fileid="13" />
                <SequencePoint vc="0" uspid="7408" ordinal="0" offset="580" sl="200" sc="25" el="200" ec="25" bec="0" bev="0" fileid="13" />
                <SequencePoint vc="0" uspid="7409" ordinal="0" offset="598" sl="201" sc="21" el="201" ec="21" bec="0" bev="0" fileid="13" />
                <SequencePoint vc="0" uspid="7410" ordinal="0" offset="599" sl="202" sc="17" el="202" ec="17" bec="0" bev="0" fileid="13" />
[...]
              <MetadataToken>100664420</MetadataToken>
              <Name>System.Boolean _Project.Ray_Caster.Scripts.Voxel_Grid.VoxelGrid/&lt;loadGrid&gt;d__27::MoveNext()</Name>
              <FileRef uid="72" />
              <SequencePoints>
                <SequencePoint vc="4" uspid="13515" ordinal="0" offset="31" sl="469" sc="9" el="469" ec="9" bec="0" bev="0" fileid="72" />
                <SequencePoint vc="4" uspid="13516" ordinal="0" offset="32" sl="470" sc="13" el="470" ec="13" bec="0" bev="0" fileid="72" />
                <SequencePoint vc="4" uspid="13517" ordinal="0" offset="56" sl="471" sc="13" el="471" ec="13" bec="0" bev="0" fileid="72" />
                <SequencePoint vc="4" uspid="13518" ordinal="0" offset="57" sl="472" sc="17" el="472" ec="17" bec="0" bev="0" fileid="72" />
                <SequencePoint vc="0" uspid="13519" ordinal="0" offset="96" sl="473" sc="13" el="473" ec="13" bec="0" bev="0" fileid="72" />
                <SequencePoint vc="0" uspid="13520" ordinal="0" offset="97" sl="475" sc="13" el="475" ec="13" bec="0" bev="0" fileid="72" />
                <SequencePoint vc="0" uspid="13521" ordinal="0" offset="114" sl="477" sc="13" el="477" ec="13" bec="0" bev="0" fileid="72" />
                <SequencePoint vc="0" uspid="13522" ordinal="0" offset="170" sl="481" sc="21" el="481" ec="21" bec="0" bev="0" fileid="72" />
                <SequencePoint vc="0" uspid="13523" ordinal="0" offset="186" sl="482" sc="21" el="482" ec="21" bec="0" bev="0" fileid="72" />
                <SequencePoint vc="0" uspid="13524" ordinal="0" offset="214" sl="483" sc="21" el="483" ec="21" bec="0" bev="0" fileid="72" />
                <SequencePoint vc="0" uspid="13525" ordinal="0" offset="219" sl="485" sc="21" el="485" ec="21" bec="0" bev="0" fileid="72" />
                <SequencePoint vc="0" uspid="13526" ordinal="0" offset="235" sl="486" sc="21" el="486" ec="21" bec="0" bev="0" fileid="72" />
                <SequencePoint vc="0" uspid="13527" ordinal="0" offset="263" sl="487" sc="21" el="487" ec="21" bec="0" bev="0" fileid="72" />
                <SequencePoint vc="0" uspid="13528" ordinal="0" offset="268" sl="489" sc="21" el="489" ec="21" bec="0" bev="0" fileid="72" />
                <SequencePoint vc="0" uspid="13529" ordinal="0" offset="284" sl="490" sc="21" el="490" ec="21" bec="0" bev="0" fileid="72" />
                <SequencePoint vc="0" uspid="13530" ordinal="0" offset="312" sl="491" sc="21" el="491" ec="21" bec="0" bev="0" fileid="72" />
                <SequencePoint vc="0" uspid="13531" ordinal="0" offset="317" sl="493" sc="21" el="493" ec="21" bec="0" bev="0" fileid="72" />
                <SequencePoint vc="0" uspid="13532" ordinal="0" offset="333" sl="494" sc="21" el="494" ec="21" bec="0" bev="0" fileid="72" />
                <SequencePoint vc="0" uspid="13533" ordinal="0" offset="361" sl="495" sc="21" el="495" ec="21" bec="0" bev="0" fileid="72" />
                <SequencePoint vc="0" uspid="13534" ordinal="0" offset="363" sl="497" sc="21" el="497" ec="21" bec="0" bev="0" fileid="72" />
                <SequencePoint vc="0" uspid="13535" ordinal="0" offset="379" sl="498" sc="21" el="498" ec="21" bec="0" bev="0" fileid="72" />
                <SequencePoint vc="0" uspid="13536" ordinal="0" offset="407" sl="499" sc="21" el="499" ec="21" bec="0" bev="0" fileid="72" />
                <SequencePoint vc="0" uspid="13537" ordinal="0" offset="409" sl="501" sc="21" el="501" ec="21" bec="0" bev="0" fileid="72" />
                <SequencePoint vc="0" uspid="13538" ordinal="0" offset="425" sl="502" sc="21" el="502" ec="21" bec="0" bev="0" fileid="72" />
                <SequencePoint vc="0" uspid="13539" ordinal="0" offset="453" sl="503" sc="21" el="503" ec="21" bec="0" bev="0" fileid="72" />
                <SequencePoint vc="0" uspid="13540" ordinal="0" offset="455" sl="505" sc="9" el="505" ec="9" bec="0" bev="0" fileid="72" />
              </SequencePoints>
              <BranchPoints />
            </Method>
          </Methods>
        </Class>
        <Class>
          <Summary numSequencePoints="82" visitedSequencePoints="40" numBranchPoints="0" visitedBranchPoints="0" sequenceCoverage="48.78" branchCoverage="0.0" maxCyclomaticComplexity="0" minCyclomaticComplexity="0" maxCrapScore="0" minCrapScore="0" visitedClasses="1" numClasses="1" visitedMethods="1" numMethods="1" />
          <FullName>_Project.Ray_Caster.Scripts.Voxel_Grid.VoxelGrid/&lt;loadNewGrid&gt;d__26</FullName>
          <Methods>
            <Method visited="true" cyclomaticComplexity="0" nPathComplexity="0" sequenceCoverage="48.78" branchCoverage="0" crapScore="0" isConstructor="false" isStatic="false" isGetter="false" isSetter="false">
              <Summary numSequencePoints="82" visitedSequencePoints="40" numBranchPoints="0" visitedBranchPoints="0" sequenceCoverage="48.78" branchCoverage="0" maxCyclomaticComplexity="0" minCyclomaticComplexity="0" maxCrapScore="0" minCrapScore="0" visitedClasses="0" numClasses="0" visitedMethods="1" numMethods="1" />
              <MetadataToken>100664426</MetadataToken>
              <Name>System.Boolean _Project.Ray_Caster.Scripts.Voxel_Grid.VoxelGrid/&lt;loadNewGrid&gt;d__26::MoveNext()</Name>
              <FileRef uid="72" />
              <SequencePoints>
                <SequencePoint vc="4" uspid="13541" ordinal="0" offset="48" sl="333" sc="9" el="333" ec="9" bec="0" bev="0" fileid="72" />
                <SequencePoint vc="4" uspid="13542" ordinal="0" offset="49" sl="334" sc="13" el="334" ec="13" bec="0" bev="0" fileid="72" />
                <SequencePoint vc="4" uspid="13543" ordinal="0" offset="60" sl="335" sc="13" el="335" ec="13" bec="0" bev="0" fileid="72" />
                <SequencePoint vc="0" uspid="13544" ordinal="0" offset="113" sl="338" sc="21" el="338" ec="21" bec="0" bev="0" fileid="72" />
                <SequencePoint vc="0" uspid="13545" ordinal="0" offset="124" sl="339" sc="21" el="339" ec="21" bec="0" bev="0" fileid="72" />
                <SequencePoint vc="0" uspid="13546" ordinal="0" offset="126" sl="341" sc="21" el="341" ec="21" bec="0" bev="0" fileid="72" />
                <SequencePoint vc="0" uspid="13547" ordinal="0" offset="137" sl="342" sc="21" el="342" ec="21" bec="0" bev="0" fileid="72" />
                <SequencePoint vc="0" uspid="13548" ordinal="0" offset="139" sl="344" sc="21" el="344" ec="21" bec="0" bev="0" fileid="72" />
                <SequencePoint vc="0" uspid="13549" ordinal="0" offset="150" sl="345" sc="21" el="345" ec="21" bec="0" bev="0" fileid="72" />
                <SequencePoint vc="4" uspid="13550" ordinal="0" offset="152" sl="347" sc="21" el="347" ec="21" bec="0" bev="0" fileid="72" />
                <SequencePoint vc="4" uspid="13551" ordinal="0" offset="163" sl="348" sc="21" el="348" ec="21" bec="0" bev="0" fileid="72" />
                <SequencePoint vc="0" uspid="13552" ordinal="0" offset="165" sl="350" sc="21" el="350" ec="21" bec="0" bev="0" fileid="72" />
                <SequencePoint vc="0" uspid="13553" ordinal="0" offset="176" sl="351" sc="21" el="351" ec="21" bec="0" bev="0" fileid="72" />
                <SequencePoint vc="0" uspid="13554" ordinal="0" offset="178" sl="353" sc="21" el="353" ec="21" bec="0" bev="0" fileid="72" />
                <SequencePoint vc="0" uspid="13555" ordinal="0" offset="189" sl="354" sc="21" el="354" ec="21" bec="0" bev="0" fileid="72" />
                <SequencePoint vc="4" uspid="13556" ordinal="0" offset="191" sl="357" sc="13" el="357" ec="13" bec="0" bev="0" fileid="72" />
                <SequencePoint vc="4" uspid="13557" ordinal="0" offset="213" sl="374" sc="13" el="374" ec="13" bec="0" bev="0" fileid="72" />
                <SequencePoint vc="0" uspid="13558" ordinal="0" offset="231" sl="375" sc="13" el="375" ec="13" bec="0" bev="0" fileid="72" />
                <SequencePoint vc="0" uspid="13559" ordinal="0" offset="232" sl="376" sc="17" el="376" ec="17" bec="0" bev="0" fileid="72" />
                <SequencePoint vc="0" uspid="13560" ordinal="0" offset="254" sl="377" sc="17" el="377" ec="17" bec="0" bev="0" fileid="72" />
                <SequencePoint vc="4" uspid="13561" ordinal="0" offset="256" sl="379" sc="13" el="379" ec="13" bec="0" bev="0" fileid="72" />
                <SequencePoint vc="4" uspid="13562" ordinal="0" offset="279" sl="382" sc="13" el="382" ec="13" bec="0" bev="0" fileid="72" />
                <SequencePoint vc="4" uspid="13563" ordinal="0" offset="328" sl="383" sc="13" el="383" ec="13" bec="0" bev="0" fileid="72" />
                <SequencePoint vc="4" uspid="13564" ordinal="0" offset="339" sl="384" sc="13" el="384" ec="13" bec="0" bev="0" fileid="72" />
                <SequencePoint vc="4" uspid="13565" ordinal="0" offset="350" sl="385" sc="18" el="385" ec="18" bec="0" bev="0" fileid="72" />
                <SequencePoint vc="100" uspid="13566" ordinal="0" offset="362" sl="386" sc="13" el="386" ec="13" bec="0" bev="0" fileid="72" />
                <SequencePoint vc="100" uspid="13567" ordinal="0" offset="363" sl="387" sc="17" el="387" ec="17" bec="0" bev="0" fileid="72" />
                <SequencePoint vc="100" uspid="13568" ordinal="0" offset="402" sl="388" sc="17" el="388" ec="17" bec="0" bev="0" fileid="72" />
                <SequencePoint vc="100" uspid="13569" ordinal="0" offset="478" sl="390" sc="17" el="390" ec="17" bec="0" bev="0" fileid="72" />
                <SequencePoint vc="100" uspid="13570" ordinal="0" offset="516" sl="391" sc="17" el="391" ec="17" bec="0" bev="0" fileid="72" />
                <SequencePoint vc="96" uspid="13571" ordinal="0" offset="539" sl="393" sc="22" el="393" ec="22" bec="0" bev="0" fileid="72" />
                <SequencePoint vc="24576" uspid="13572" ordinal="0" offset="551" sl="394" sc="17" el="394" ec="17" bec="0" bev="0" fileid="72" />
                <SequencePoint vc="24576" uspid="13573" ordinal="0" offset="552" sl="395" sc="26" el="395" ec="26" bec="0" bev="0" fileid="72" />
                <SequencePoint vc="6291456" uspid="13574" ordinal="0" offset="564" sl="396" sc="21" el="396" ec="21" bec="0" bev="0" fileid="72" />
                <SequencePoint vc="6291456" uspid="13575" ordinal="0" offset="565" sl="397" sc="25" el="397" ec="25" bec="0" bev="0" fileid="72" />
                <SequencePoint vc="6291456" uspid="13576" ordinal="0" offset="623" sl="403" sc="33" el="403" ec="33" bec="0" bev="0" fileid="72" />
                <SequencePoint vc="6291456" uspid="13577" ordinal="0" offset="669" sl="404" sc="33" el="404" ec="33" bec="0" bev="0" fileid="72" />
                <SequencePoint vc="6291456" uspid="13578" ordinal="0" offset="712" sl="405" sc="33" el="405" ec="33" bec="0" bev="0" fileid="72" />
                <SequencePoint vc="0" uspid="13579" ordinal="0" offset="717" sl="407" sc="33" el="407" ec="33" bec="0" bev="0" fileid="72" />
                <SequencePoint vc="0" uspid="13580" ordinal="0" offset="734" sl="408" sc="33" el="408" ec="33" bec="0" bev="0" fileid="72" />
                <SequencePoint vc="0" uspid="13581" ordinal="0" offset="751" sl="409" sc="33" el="409" ec="33" bec="0" bev="0" fileid="72" />
                <SequencePoint vc="0" uspid="13582" ordinal="0" offset="773" sl="410" sc="33" el="410" ec="33" bec="0" bev="0" fileid="72" />
                <SequencePoint vc="0" uspid="13583" ordinal="0" offset="820" sl="411" sc="33" el="411" ec="33" bec="0" bev="0" fileid="72" />
                <SequencePoint vc="0" uspid="13584" ordinal="0" offset="822" sl="413" sc="33" el="413" ec="33" bec="0" bev="0" fileid="72" />
                <SequencePoint vc="0" uspid="13585" ordinal="0" offset="839" sl="414" sc="33" el="414" ec="33" bec="0" bev="0" fileid="72" />
                <SequencePoint vc="0" uspid="13586" ordinal="0" offset="886" sl="415" sc="33" el="415" ec="33" bec="0" bev="0" fileid="72" />
                <SequencePoint vc="6291456" uspid="13587" ordinal="0" offset="888" sl="425" sc="25" el="425" ec="25" bec="0" bev="0" fileid="72" />
                <SequencePoint vc="0" uspid="13588" ordinal="0" offset="936" sl="425" sc="54" el="425" ec="54" bec="0" bev="0" fileid="72" />
                <SequencePoint vc="0" uspid="13589" ordinal="0" offset="937" sl="426" sc="25" el="426" ec="25" bec="0" bev="0" fileid="72" />
                <SequencePoint vc="0" uspid="13590" ordinal="0" offset="977" sl="427" sc="25" el="427" ec="25" bec="0" bev="0" fileid="72" />
                <SequencePoint vc="6291456" uspid="13591" ordinal="0" offset="978" sl="428" sc="25" el="428" ec="25" bec="0" bev="0" fileid="72" />
                <SequencePoint vc="4" uspid="13592" ordinal="0" offset="1026" sl="428" sc="54" el="428" ec="54" bec="0" bev="0" fileid="72" />
                <SequencePoint vc="4" uspid="13593" ordinal="0" offset="1027" sl="429" sc="29" el="429" ec="29" bec="0" bev="0" fileid="72" />
                <SequencePoint vc="4" uspid="13594" ordinal="0" offset="1067" sl="430" sc="25" el="430" ec="25" bec="0" bev="0" fileid="72" />
                <SequencePoint vc="6291456" uspid="13595" ordinal="0" offset="1068" sl="432" sc="25" el="432" ec="25" bec="0" bev="0" fileid="72" />
                <SequencePoint vc="0" uspid="13596" ordinal="0" offset="1115" sl="432" sc="50" el="432" ec="50" bec="0" bev="0" fileid="72" />
                <SequencePoint vc="0" uspid="13597" ordinal="0" offset="1116" sl="433" sc="29" el="433" ec="29" bec="0" bev="0" fileid="72" />
                <SequencePoint vc="0" uspid="13598" ordinal="0" offset="1155" sl="434" sc="25" el="434" ec="25" bec="0" bev="0" fileid="72" />
                <SequencePoint vc="6291456" uspid="13599" ordinal="0" offset="1156" sl="435" sc="21" el="435" ec="21" bec="0" bev="0" fileid="72" />
                <SequencePoint vc="6291456" uspid="13600" ordinal="0" offset="1157" sl="395" sc="48" el="395" ec="48" bec="0" bev="0" fileid="72" />
                <SequencePoint vc="6316032" uspid="13601" ordinal="0" offset="1175" sl="395" sc="37" el="395" ec="37" bec="0" bev="0" fileid="72" />
                <SequencePoint vc="24576" uspid="13602" ordinal="0" offset="1203" sl="436" sc="17" el="436" ec="17" bec="0" bev="0" fileid="72" />
                <SequencePoint vc="24576" uspid="13603" ordinal="0" offset="1204" sl="393" sc="44" el="393" ec="44" bec="0" bev="0" fileid="72" />
                <SequencePoint vc="24672" uspid="13604" ordinal="0" offset="1222" sl="393" sc="33" el="393" ec="33" bec="0" bev="0" fileid="72" />
                <SequencePoint vc="96" uspid="13605" ordinal="0" offset="1250" sl="437" sc="13" el="437" ec="13" bec="0" bev="0" fileid="72" />
                <SequencePoint vc="96" uspid="13606" ordinal="0" offset="1251" sl="385" sc="40" el="385" ec="40" bec="0" bev="0" fileid="72" />
                <SequencePoint vc="100" uspid="13607" ordinal="0" offset="1269" sl="385" sc="29" el="385" ec="29" bec="0" bev="0" fileid="72" />
                <SequencePoint vc="0" uspid="13608" ordinal="0" offset="1297" sl="439" sc="13" el="439" ec="13" bec="0" bev="0" fileid="72" />
                <SequencePoint vc="0" uspid="13609" ordinal="0" offset="1355" sl="442" sc="21" el="442" ec="21" bec="0" bev="0" fileid="72" />
                <SequencePoint vc="0" uspid="13610" ordinal="0" offset="1377" sl="443" sc="21" el="443" ec="21" bec="0" bev="0" fileid="72" />
                <SequencePoint vc="0" uspid="13611" ordinal="0" offset="1379" sl="445" sc="21" el="445" ec="21" bec="0" bev="0" fileid="72" />
                <SequencePoint vc="0" uspid="13612" ordinal="0" offset="1401" sl="446" sc="21" el="446" ec="21" bec="0" bev="0" fileid="72" />
                <SequencePoint vc="0" uspid="13613" ordinal="0" offset="1403" sl="448" sc="21" el="448" ec="21" bec="0" bev="0" fileid="72" />
                <SequencePoint vc="0" uspid="13614" ordinal="0" offset="1425" sl="449" sc="21" el="449" ec="21" bec="0" bev="0" fileid="72" />
                <SequencePoint vc="0" uspid="13615" ordinal="0" offset="1427" sl="451" sc="21" el="451" ec="21" bec="0" bev="0" fileid="72" />
                <SequencePoint vc="0" uspid="13616" ordinal="0" offset="1449" sl="452" sc="21" el="452" ec="21" bec="0" bev="0" fileid="72" />
                <SequencePoint vc="0" uspid="13617" ordinal="0" offset="1451" sl="454" sc="21" el="454" ec="21" bec="0" bev="0" fileid="72" />
                <SequencePoint vc="0" uspid="13618" ordinal="0" offset="1473" sl="455" sc="21" el="455" ec="21" bec="0" bev="0" fileid="72" />
                <SequencePoint vc="0" uspid="13619" ordinal="0" offset="1475" sl="457" sc="21" el="457" ec="21" bec="0" bev="0" fileid="72" />
                <SequencePoint vc="0" uspid="13620" ordinal="0" offset="1497" sl="458" sc="21" el="458" ec="21" bec="0" bev="0" fileid="72" />
                <SequencePoint vc="0" uspid="13621" ordinal="0" offset="1499" sl="461" sc="13" el="461" ec="13" bec="0" bev="0" fileid="72" />
                <SequencePoint vc="0" uspid="13622" ordinal="0" offset="1522" sl="462" sc="9" el="462" ec="9" bec="0" bev="0" fileid="72" />
              </SequencePoints>
              <BranchPoints />
            </Method>
          </Methods>
        </Class>
        <Class>
          <Summary numSequencePoints="8" visitedSequencePoints="3" numBranchPoints="0" visitedBranchPoints="0" sequenceCoverage="37.50" branchCoverage="0.0" maxCyclomaticComplexity="0" minCyclomaticComplexity="0" maxCrapScore="0" minCrapScore="0" visitedClasses="1" numClasses="1" visitedMethods="1" numMethods="1" />
          <FullName>_Project.Ray_Caster.Scripts.Voxel_Grid.VoxelGrid/&lt;setVoxelGrid&gt;d__28</FullName>
          <Methods>
            <Method visited="true" cyclomaticComplexity="0" nPathComplexity="0" sequenceCoverage="37.50" branchCoverage="0" crapScore="0" isConstructor="false" isStatic="false" isGetter="false" isSetter="false">
              <Summary numSequencePoints="8" visitedSequencePoints="3" numBranchPoints="0" visitedBranchPoints="0" sequenceCoverage="37.50" branchCoverage="0" maxCyclomaticComplexity="0" minCyclomaticComplexity="0" maxCrapScore="0" minCrapScore="0" visitedClasses="0" numClasses="0" visitedMethods="1" numMethods="1" />
              <MetadataToken>100664432</MetadataToken>
              <Name>System.Boolean _Project.Ray_Caster.Scripts.Voxel_Grid.VoxelGrid/&lt;setVoxelGrid&gt;d__28::MoveNext()</Name>
              <FileRef uid="72" />
              <SequencePoints>
                <SequencePoint vc="4" uspid="13623" ordinal="0" offset="31" sl="512" sc="9" el="512" ec="9" bec="0" bev="0" fileid="72" />
                <SequencePoint vc="4" uspid="13624" ordinal="0" offset="32" sl="514" sc="13" el="514" ec="13" bec="0" bev="0" fileid="72" />
                <SequencePoint vc="4" uspid="13625" ordinal="0" offset="50" sl="515" sc="13" el="515" ec="13" bec="0" bev="0" fileid="72" />
                <SequencePoint vc="0" uspid="13626" ordinal="0" offset="89" sl="516" sc="13" el="516" ec="13" bec="0" bev="0" fileid="72" />
                <SequencePoint vc="0" uspid="13627" ordinal="0" offset="117" sl="517" sc="13" el="517" ec="13" bec="0" bev="0" fileid="72" />
                <SequencePoint vc="0" uspid="13628" ordinal="0" offset="135" sl="518" sc="13" el="518" ec="13" bec="0" bev="0" fileid="72" />
                <SequencePoint vc="0" uspid="13629" ordinal="0" offset="156" sl="519" sc="17" el="519" ec="17" bec="0" bev="0" fileid="72" />
                <SequencePoint vc="0" uspid="13630" ordinal="0" offset="184" sl="520" sc="9" el="520" ec="9" bec="0" bev="0" fileid="72" />
              </SequencePoints>
              <BranchPoints />
            </Method>
          </Methods>
        </Class>
      </Classes>
    </Module>
  </Modules>
</CoverageSession>